TN:
SF:src\setupIntegrationTests.global.ts
FN:6,globalIntegrationSetup
FNF:1
FNH:0
FNDA:0,globalIntegrationSetup
DA:7,0
DA:10,0
DA:11,0
DA:12,0
DA:13,0
DA:16,0
DA:17,0
DA:18,0
DA:19,0
DA:20,0
DA:21,0
DA:24,0
DA:27,0
DA:30,0
DA:32,0
LF:15
LH:0
BRF:0
BRH:0
end_of_record
TN:
SF:src\setupTests.global.ts
FN:6,globalSetup
FNF:1
FNH:0
FNDA:0,globalSetup
DA:7,0
DA:10,0
DA:11,0
DA:14,0
DA:15,0
DA:17,0
DA:21,0
DA:22,0
DA:26,0
DA:27,0
DA:28,0
DA:29,0
DA:30,0
DA:32,0
LF:14
LH:0
BRDA:14,0,0,0
BRDA:14,0,1,0
BRDA:21,1,0,0
BRDA:21,1,1,0
BRF:4
BRH:0
end_of_record
TN:
SF:src\teardownIntegrationTests.global.ts
FN:6,globalIntegrationTeardown
FNF:1
FNH:0
FNDA:0,globalIntegrationTeardown
DA:7,0
DA:10,0
DA:11,0
DA:12,0
DA:13,0
DA:14,0
DA:15,0
DA:16,0
DA:20,0
DA:23,0
DA:26,0
DA:27,0
DA:28,0
DA:32,0
DA:34,0
LF:15
LH:0
BRDA:10,0,0,0
BRDA:10,0,1,0
BRDA:10,1,0,0
BRDA:10,1,1,0
BRDA:26,2,0,0
BRDA:26,2,1,0
BRF:6
BRH:0
end_of_record
TN:
SF:src\teardownTests.global.ts
FN:6,globalTeardown
FNF:1
FNH:0
FNDA:0,globalTeardown
DA:7,0
DA:10,0
DA:11,0
DA:12,0
DA:13,0
DA:14,0
DA:15,0
DA:16,0
DA:20,0
DA:21,0
DA:22,0
DA:25,0
LF:12
LH:0
BRDA:10,0,0,0
BRDA:10,0,1,0
BRDA:10,1,0,0
BRDA:10,1,1,0
BRDA:20,2,0,0
BRDA:20,2,1,0
BRF:6
BRH:0
end_of_record
TN:
SF:src\theme.ts
FNF:0
FNH:0
DA:4,0
DA:209,0
LF:2
LH:0
BRF:0
BRH:0
end_of_record
TN:
SF:src\components\UploadDashboard.tsx
FNF:0
FNH:0
LF:0
LH:0
BRF:0
BRH:0
end_of_record
TN:
SF:src\components\Tutorial\TutorialManager.tsx
FNF:0
FNH:0
LF:0
LH:0
BRF:0
BRH:0
end_of_record
TN:
SF:src\hooks\useAuth.ts
FN:4,useAuth
FNF:1
FNH:0
FNDA:0,useAuth
DA:5,0
DA:6,0
DA:7,0
DA:9,0
LF:4
LH:0
BRDA:6,0,0,0
BRDA:6,0,1,0
BRF:2
BRH:0
end_of_record
