TN:
SF:src\App.tsx
FN:30,App
FN:38,(anonymous_1)
FN:44,(anonymous_2)
FNF:3
FNH:0
FNDA:0,App
FNDA:0,(anonymous_1)
FNDA:0,(anonymous_2)
DA:31,0
DA:34,0
DA:35,0
DA:38,0
DA:41,0
DA:44,0
DA:45,0
DA:49,0
DA:50,0
DA:53,0
LF:10
LH:0
BRDA:35,0,0,0
BRDA:35,0,1,0
BRDA:49,1,0,0
BRDA:49,1,1,0
BRDA:49,2,0,0
BRDA:49,2,1,0
BRDA:67,3,0,0
BRDA:67,3,1,0
BRDA:78,4,0,0
BRDA:78,4,1,0
BRDA:89,5,0,0
BRDA:89,5,1,0
BRDA:100,6,0,0
BRDA:100,6,1,0
BRDA:111,7,0,0
BRDA:111,7,1,0
BRDA:122,8,0,0
BRDA:122,8,1,0
BRDA:133,9,0,0
BRDA:133,9,1,0
BRDA:144,10,0,0
BRDA:144,10,1,0
BRDA:155,11,0,0
BRDA:155,11,1,0
BRDA:166,12,0,0
BRDA:166,12,1,0
BRDA:177,13,0,0
BRDA:177,13,1,0
BRDA:188,14,0,0
BRDA:188,14,1,0
BRF:30
BRH:0
end_of_record
TN:
SF:src\index.tsx
FN:23,(anonymous_0)
FNF:1
FNH:0
FNDA:0,(anonymous_0)
DA:19,0
DA:23,0
DA:33,0
DA:37,0
DA:84,0
DA:86,0
LF:6
LH:0
BRF:0
BRH:0
end_of_record
TN:
SF:src\reportWebVitals.ts
FN:3,(anonymous_0)
FN:5,(anonymous_1)
FNF:2
FNH:0
FNDA:0,(anonymous_0)
FNDA:0,(anonymous_1)
DA:3,0
DA:4,0
DA:5,0
DA:6,0
DA:7,0
DA:8,0
DA:9,0
DA:10,0
LF:8
LH:0
BRDA:4,0,0,0
BRDA:4,0,1,0
BRDA:4,1,0,0
BRDA:4,1,1,0
BRF:4
BRH:0
end_of_record
TN:
SF:src\setupIntegrationTests.global.ts
FN:6,globalIntegrationSetup
FNF:1
FNH:0
FNDA:0,globalIntegrationSetup
DA:7,0
DA:10,0
DA:11,0
DA:12,0
DA:13,0
DA:16,0
DA:17,0
DA:18,0
DA:19,0
DA:20,0
DA:21,0
DA:24,0
DA:27,0
DA:30,0
DA:32,0
LF:15
LH:0
BRF:0
BRH:0
end_of_record
TN:
SF:src\setupIntegrationTests.ts
FN:16,(anonymous_0)
FN:26,(anonymous_1)
FN:29,(anonymous_2)
FN:51,(anonymous_3)
FN:56,(anonymous_4)
FN:64,(anonymous_5)
FN:71,(anonymous_6)
FN:73,(anonymous_7)
FN:82,(anonymous_8)
FN:90,(anonymous_9)
FN:100,(anonymous_10)
FN:124,(anonymous_11)
FN:126,(anonymous_12)
FN:130,(anonymous_13)
FN:132,(anonymous_14)
FN:139,(anonymous_15)
FN:140,(anonymous_16)
FN:141,(anonymous_17)
FN:146,(anonymous_18)
FN:147,(anonymous_19)
FN:152,(anonymous_20)
FN:153,(anonymous_21)
FN:167,(anonymous_22)
FN:244,(anonymous_23)
FN:247,(anonymous_24)
FN:252,(anonymous_25)
FN:253,(anonymous_26)
FN:255,(anonymous_27)
FN:263,(anonymous_28)
FN:269,(anonymous_29)
FN:291,(anonymous_30)
FN:300,(anonymous_31)
FN:313,(anonymous_32)
FN:323,(anonymous_33)
FN:324,(anonymous_34)
FN:325,(anonymous_35)
FN:333,(anonymous_36)
FN:338,(anonymous_37)
FN:360,(anonymous_38)
FN:382,(anonymous_39)
FNF:40
FNH:0
FNDA:0,(anonymous_0)
FNDA:0,(anonymous_1)
FNDA:0,(anonymous_2)
FNDA:0,(anonymous_3)
FNDA:0,(anonymous_4)
FNDA:0,(anonymous_5)
FNDA:0,(anonymous_6)
FNDA:0,(anonymous_7)
FNDA:0,(anonymous_8)
FNDA:0,(anonymous_9)
FNDA:0,(anonymous_10)
FNDA:0,(anonymous_11)
FNDA:0,(anonymous_12)
FNDA:0,(anonymous_13)
FNDA:0,(anonymous_14)
FNDA:0,(anonymous_15)
FNDA:0,(anonymous_16)
FNDA:0,(anonymous_17)
FNDA:0,(anonymous_18)
FNDA:0,(anonymous_19)
FNDA:0,(anonymous_20)
FNDA:0,(anonymous_21)
FNDA:0,(anonymous_22)
FNDA:0,(anonymous_23)
FNDA:0,(anonymous_24)
FNDA:0,(anonymous_25)
FNDA:0,(anonymous_26)
FNDA:0,(anonymous_27)
FNDA:0,(anonymous_28)
FNDA:0,(anonymous_29)
FNDA:0,(anonymous_30)
FNDA:0,(anonymous_31)
FNDA:0,(anonymous_32)
FNDA:0,(anonymous_33)
FNDA:0,(anonymous_34)
FNDA:0,(anonymous_35)
FNDA:0,(anonymous_36)
FNDA:0,(anonymous_37)
FNDA:0,(anonymous_38)
FNDA:0,(anonymous_39)
DA:16,0
DA:26,0
DA:29,0
DA:34,0
DA:35,0
DA:36,0
DA:37,0
DA:39,0
DA:41,0
DA:42,0
DA:43,0
DA:44,0
DA:46,0
DA:47,0
DA:48,0
DA:49,0
DA:52,0
DA:53,0
DA:56,0
DA:57,0
DA:58,0
DA:59,0
DA:60,0
DA:65,0
DA:66,0
DA:72,0
DA:73,0
DA:74,0
DA:75,0
DA:76,0
DA:77,0
DA:83,0
DA:84,0
DA:85,0
DA:86,0
DA:91,0
DA:92,0
DA:93,0
DA:97,0
DA:100,0
DA:121,0
DA:124,0
DA:126,0
DA:130,0
DA:132,0
DA:139,0
DA:141,0
DA:142,0
DA:143,0
DA:147,0
DA:148,0
DA:149,0
DA:153,0
DA:154,0
DA:155,0
DA:167,0
DA:178,0
DA:183,0
DA:186,0
DA:196,0
DA:201,0
DA:213,0
DA:225,0
DA:236,0
DA:241,0
DA:242,0
DA:244,0
DA:247,0
DA:248,0
DA:252,0
DA:253,0
DA:255,0
DA:257,0
DA:260,0
DA:263,0
DA:269,0
DA:284,0
DA:291,0
DA:293,0
DA:294,0
DA:300,0
DA:302,0
DA:303,0
DA:307,0
DA:310,0
DA:313,0
DA:315,0
DA:316,0
DA:321,0
DA:324,0
DA:325,0
DA:326,0
DA:327,0
DA:329,0
DA:332,0
DA:333,0
DA:339,0
DA:340,0
DA:342,0
DA:343,0
DA:344,0
DA:345,0
DA:347,0
DA:348,0
DA:349,0
DA:350,0
DA:352,0
DA:353,0
DA:354,0
DA:355,0
DA:361,0
DA:367,0
DA:370,0
DA:371,0
DA:383,0
DA:384,0
DA:399,0
DA:401,0
LF:118
LH:0
BRDA:59,0,0,0
BRDA:59,0,1,0
BRDA:65,1,0,0
BRDA:65,1,1,0
BRDA:75,2,0,0
BRDA:75,2,1,0
BRDA:75,3,0,0
BRDA:75,3,1,0
BRDA:76,4,0,0
BRDA:76,4,1,0
BRDA:83,5,0,0
BRDA:83,5,1,0
BRDA:85,6,0,0
BRDA:85,6,1,0
BRDA:92,7,0,0
BRDA:92,7,1,0
BRDA:143,8,0,0
BRDA:143,8,1,0
BRDA:149,9,0,0
BRDA:149,9,1,0
BRDA:155,10,0,0
BRDA:155,10,1,0
BRDA:169,11,0,0
BRDA:169,11,1,0
BRDA:170,12,0,0
BRDA:170,12,1,0
BRDA:293,13,0,0
BRDA:293,13,1,0
BRDA:302,14,0,0
BRDA:302,14,1,0
BRDA:315,15,0,0
BRDA:315,15,1,0
BRDA:323,16,0,0
BRDA:326,17,0,0
BRDA:326,17,1,0
BRDA:340,18,0,0
BRDA:340,18,1,0
BRDA:340,18,2,0
BRDA:370,19,0,0
BRDA:370,19,1,0
BRDA:382,20,0,0
BRDA:383,21,0,0
BRDA:383,22,0,0
BRDA:383,23,0,0
BRF:44
BRH:0
end_of_record
TN:
SF:src\setupPerformanceTests.ts
FN:21,(anonymous_0)
FN:29,(anonymous_1)
FN:34,(anonymous_2)
FN:45,(anonymous_3)
FN:52,(anonymous_4)
FN:58,(anonymous_5)
FN:72,(anonymous_6)
FN:78,(anonymous_7)
FN:84,(anonymous_8)
FN:115,(anonymous_9)
FN:122,(anonymous_10)
FN:125,(anonymous_11)
FN:130,(anonymous_12)
FN:166,(anonymous_13)
FN:174,(anonymous_14)
FNF:15
FNH:0
FNDA:0,(anonymous_0)
FNDA:0,(anonymous_1)
FNDA:0,(anonymous_2)
FNDA:0,(anonymous_3)
FNDA:0,(anonymous_4)
FNDA:0,(anonymous_5)
FNDA:0,(anonymous_6)
FNDA:0,(anonymous_7)
FNDA:0,(anonymous_8)
FNDA:0,(anonymous_9)
FNDA:0,(anonymous_10)
FNDA:0,(anonymous_11)
FNDA:0,(anonymous_12)
FNDA:0,(anonymous_13)
FNDA:0,(anonymous_14)
DA:20,0
DA:22,0
DA:24,0
DA:25,0
DA:27,0
DA:29,0
DA:30,0
DA:31,0
DA:33,0
DA:35,0
DA:41,0
DA:42,0
DA:44,0
DA:46,0
DA:51,0
DA:52,0
DA:59,0
DA:62,0
DA:65,0
DA:66,0
DA:69,0
DA:71,0
DA:73,0
DA:79,0
DA:83,0
DA:85,0
DA:94,0
DA:111,0
DA:116,0
DA:117,0
DA:118,0
DA:122,0
DA:126,0
DA:127,0
DA:129,0
DA:130,0
DA:132,0
DA:133,0
DA:136,0
DA:137,0
DA:139,0
DA:140,0
DA:143,0
DA:146,0
DA:151,0
DA:154,0
DA:155,0
DA:159,0
DA:160,0
DA:161,0
DA:162,0
DA:163,0
DA:166,0
DA:168,0
DA:169,0
DA:170,0
DA:174,0
DA:176,0
DA:177,0
LF:59
LH:0
BRDA:25,0,0,0
BRDA:25,0,1,0
BRDA:27,1,0,0
BRDA:27,1,1,0
BRDA:27,2,0,0
BRDA:27,2,1,0
BRDA:58,3,0,0
BRDA:65,4,0,0
BRDA:65,4,1,0
BRDA:79,5,0,0
BRDA:79,5,1,0
BRDA:79,5,2,0
BRDA:79,5,3,0
BRDA:79,5,4,0
BRDA:85,6,0,0
BRDA:85,6,1,0
BRDA:116,7,0,0
BRDA:116,7,1,0
BRDA:125,8,0,0
BRDA:132,9,0,0
BRDA:132,9,1,0
BRDA:139,10,0,0
BRDA:139,10,1,0
BRDA:154,11,0,0
BRDA:154,11,1,0
BRDA:168,12,0,0
BRDA:168,12,1,0
BRDA:168,13,0,0
BRDA:168,13,1,0
BRDA:176,14,0,0
BRDA:176,14,1,0
BRF:31
BRH:0
end_of_record
TN:
SF:src\setupProxy.js
FN:3,(anonymous_0)
FN:11,(anonymous_1)
FN:14,(anonymous_2)
FN:17,(anonymous_3)
FNF:4
FNH:0
FNDA:0,(anonymous_0)
FNDA:0,(anonymous_1)
FNDA:0,(anonymous_2)
FNDA:0,(anonymous_3)
DA:1,0
DA:3,0
DA:4,0
DA:6,0
DA:12,0
DA:15,0
DA:18,0
DA:22,0
DA:24,0
DA:27,0
LF:10
LH:0
BRDA:7,0,0,0
BRDA:7,0,1,0
BRF:2
BRH:0
end_of_record
TN:
SF:src\setupTests.global.ts
FN:6,globalSetup
FNF:1
FNH:0
FNDA:0,globalSetup
DA:7,0
DA:10,0
DA:11,0
DA:14,0
DA:15,0
DA:17,0
DA:21,0
DA:22,0
DA:26,0
DA:27,0
DA:28,0
DA:29,0
DA:30,0
DA:32,0
LF:14
LH:0
BRDA:14,0,0,0
BRDA:14,0,1,0
BRDA:21,1,0,0
BRDA:21,1,1,0
BRF:4
BRH:0
end_of_record
TN:
SF:src\teardownIntegrationTests.global.ts
FN:6,globalIntegrationTeardown
FNF:1
FNH:0
FNDA:0,globalIntegrationTeardown
DA:7,0
DA:10,0
DA:11,0
DA:12,0
DA:13,0
DA:14,0
DA:15,0
DA:16,0
DA:20,0
DA:23,0
DA:26,0
DA:27,0
DA:28,0
DA:32,0
DA:34,0
LF:15
LH:0
BRDA:10,0,0,0
BRDA:10,0,1,0
BRDA:10,1,0,0
BRDA:10,1,1,0
BRDA:26,2,0,0
BRDA:26,2,1,0
BRF:6
BRH:0
end_of_record
TN:
SF:src\teardownTests.global.ts
FN:6,globalTeardown
FNF:1
FNH:0
FNDA:0,globalTeardown
DA:7,0
DA:10,0
DA:11,0
DA:12,0
DA:13,0
DA:14,0
DA:15,0
DA:16,0
DA:20,0
DA:21,0
DA:22,0
DA:25,0
LF:12
LH:0
BRDA:10,0,0,0
BRDA:10,0,1,0
BRDA:10,1,0,0
BRDA:10,1,1,0
BRDA:20,2,0,0
BRDA:20,2,1,0
BRF:6
BRH:0
end_of_record
TN:
SF:src\testResultsProcessor.js
FN:9,(anonymous_0)
FN:19,(anonymous_1)
FN:29,(anonymous_2)
FN:33,(anonymous_3)
FN:36,(anonymous_4)
FN:39,(anonymous_5)
FN:40,(anonymous_6)
FN:43,(anonymous_7)
FN:44,(anonymous_8)
FN:88,(anonymous_9)
FN:94,(anonymous_10)
FN:95,(anonymous_11)
FNF:12
FNH:0
FNDA:0,(anonymous_0)
FNDA:0,(anonymous_1)
FNDA:0,(anonymous_2)
FNDA:0,(anonymous_3)
FNDA:0,(anonymous_4)
FNDA:0,(anonymous_5)
FNDA:0,(anonymous_6)
FNDA:0,(anonymous_7)
FNDA:0,(anonymous_8)
FNDA:0,(anonymous_9)
FNDA:0,(anonymous_10)
FNDA:0,(anonymous_11)
DA:6,0
DA:7,0
DA:9,0
DA:11,0
DA:19,0
DA:29,0
DA:33,0
DA:36,0
DA:39,0
DA:40,0
DA:43,0
DA:44,0
DA:54,0
DA:55,0
DA:56,0
DA:59,0
DA:60,0
DA:63,0
DA:89,0
DA:95,0
DA:96,0
DA:102,0
DA:103,0
DA:105,0
DA:106,0
DA:107,0
DA:109,0
LF:27
LH:0
BRDA:19,0,0,0
BRDA:19,0,1,0
BRDA:20,1,0,0
BRDA:20,1,1,0
BRDA:31,2,0,0
BRDA:31,2,1,0
BRDA:35,3,0,0
BRDA:35,3,1,0
BRDA:36,4,0,0
BRDA:36,4,1,0
BRDA:55,5,0,0
BRDA:55,5,1,0
BRDA:79,6,0,0
BRDA:79,6,1,0
BRDA:92,7,0,0
BRDA:92,7,1,0
BRDA:96,8,0,0
BRDA:96,8,1,0
BRF:18
BRH:0
end_of_record
TN:
SF:src\theme.ts
FNF:0
FNH:0
DA:4,0
DA:209,0
LF:2
LH:0
BRF:0
BRH:0
end_of_record
TN:
SF:src\components\AbnormalityDetectionOverlay.tsx
FN:45,(anonymous_0)
FN:59,(anonymous_1)
FN:60,(anonymous_2)
FN:83,(anonymous_3)
FN:92,(anonymous_4)
FN:107,(anonymous_5)
FN:122,(anonymous_6)
FN:128,(anonymous_7)
FN:132,(anonymous_8)
FN:136,(anonymous_9)
FN:142,(anonymous_10)
FN:149,(anonymous_11)
FN:172,(anonymous_12)
FN:195,(anonymous_13)
FN:196,(anonymous_14)
FN:197,(anonymous_15)
FNF:16
FNH:0
FNDA:0,(anonymous_0)
FNDA:0,(anonymous_1)
FNDA:0,(anonymous_2)
FNDA:0,(anonymous_3)
FNDA:0,(anonymous_4)
FNDA:0,(anonymous_5)
FNDA:0,(anonymous_6)
FNDA:0,(anonymous_7)
FNDA:0,(anonymous_8)
FNDA:0,(anonymous_9)
FNDA:0,(anonymous_10)
FNDA:0,(anonymous_11)
FNDA:0,(anonymous_12)
FNDA:0,(anonymous_13)
FNDA:0,(anonymous_14)
FNDA:0,(anonymous_15)
DA:45,0
DA:54,0
DA:55,0
DA:56,0
DA:59,0
DA:60,0
DA:61,0
DA:62,0
DA:63,0
DA:65,0
DA:66,0
DA:67,0
DA:68,0
DA:69,0
DA:70,0
DA:71,0
DA:75,0
DA:78,0
DA:79,0
DA:80,0
DA:83,0
DA:84,0
DA:88,0
DA:89,0
DA:92,0
DA:93,0
DA:95,0
DA:97,0
DA:99,0
DA:101,0
DA:103,0
DA:107,0
DA:108,0
DA:110,0
DA:112,0
DA:114,0
DA:116,0
DA:118,0
DA:122,0
DA:123,0
DA:124,0
DA:128,0
DA:129,0
DA:132,0
DA:133,0
DA:136,0
DA:137,0
DA:138,0
DA:142,0
DA:143,0
DA:144,0
DA:145,0
DA:149,0
DA:150,0
DA:151,0
DA:152,0
DA:156,0
DA:173,0
DA:174,0
DA:175,0
DA:177,0
DA:195,0
DA:196,0
DA:197,0
LF:64
LH:0
BRDA:61,0,0,0
BRDA:61,0,1,0
BRDA:61,1,0,0
BRDA:61,1,1,0
BRDA:79,2,0,0
BRDA:79,2,1,0
BRDA:88,3,0,0
BRDA:88,3,1,0
BRDA:88,4,0,0
BRDA:88,4,1,0
BRDA:88,4,2,0
BRDA:93,5,0,0
BRDA:93,5,1,0
BRDA:93,5,2,0
BRDA:93,5,3,0
BRDA:93,5,4,0
BRDA:108,6,0,0
BRDA:108,6,1,0
BRDA:108,6,2,0
BRDA:108,6,3,0
BRDA:108,6,4,0
BRDA:123,7,0,0
BRDA:123,7,1,0
BRDA:137,8,0,0
BRDA:137,8,1,0
BRDA:143,9,0,0
BRDA:143,9,1,0
BRDA:144,10,0,0
BRDA:144,10,1,0
BRDA:150,11,0,0
BRDA:150,11,1,0
BRDA:151,12,0,0
BRDA:151,12,1,0
BRDA:182,13,0,0
BRDA:182,13,1,0
BRDA:183,14,0,0
BRDA:183,14,1,0
BRDA:184,15,0,0
BRDA:184,15,1,0
BRDA:185,16,0,0
BRDA:185,16,1,0
BRDA:187,17,0,0
BRDA:187,17,1,0
BRDA:192,18,0,0
BRDA:192,18,1,0
BRDA:193,19,0,0
BRDA:193,19,1,0
BRDA:212,20,0,0
BRDA:212,20,1,0
BRDA:213,21,0,0
BRDA:213,21,1,0
BRDA:238,22,0,0
BRDA:238,22,1,0
BRDA:257,23,0,0
BRDA:257,23,1,0
BRDA:307,24,0,0
BRDA:307,24,1,0
BRDA:313,25,0,0
BRDA:313,25,1,0
BRDA:385,26,0,0
BRDA:385,26,1,0
BRF:61
BRH:0
end_of_record
TN:
SF:src\components\CinePlayer.tsx
FN:81,(anonymous_0)
FN:112,(anonymous_1)
FN:117,(anonymous_2)
FN:133,(anonymous_3)
FN:151,(anonymous_4)
FN:177,(anonymous_5)
FN:187,(anonymous_6)
FN:195,(anonymous_7)
FN:198,(anonymous_8)
FN:238,(anonymous_9)
FN:242,(anonymous_10)
FN:246,(anonymous_11)
FN:251,(anonymous_12)
FN:256,(anonymous_13)
FN:261,(anonymous_14)
FN:265,(anonymous_15)
FN:269,(anonymous_16)
FN:275,(anonymous_17)
FN:281,(anonymous_18)
FN:286,(anonymous_19)
FN:291,(anonymous_20)
FN:293,(anonymous_21)
FN:296,(anonymous_22)
FN:297,(anonymous_23)
FN:303,(anonymous_24)
FN:305,(anonymous_25)
FN:308,(anonymous_26)
FN:309,(anonymous_27)
FN:463,(anonymous_28)
FN:547,(anonymous_29)
FN:547,(anonymous_30)
FNF:31
FNH:22
FNDA:38,(anonymous_0)
FNDA:35,(anonymous_1)
FNDA:0,(anonymous_2)
FNDA:0,(anonymous_3)
FNDA:0,(anonymous_4)
FNDA:35,(anonymous_5)
FNDA:35,(anonymous_6)
FNDA:34,(anonymous_7)
FNDA:5,(anonymous_8)
FNDA:33,(anonymous_9)
FNDA:3,(anonymous_10)
FNDA:1,(anonymous_11)
FNDA:2,(anonymous_12)
FNDA:2,(anonymous_13)
FNDA:2,(anonymous_14)
FNDA:2,(anonymous_15)
FNDA:0,(anonymous_16)
FNDA:0,(anonymous_17)
FNDA:1,(anonymous_18)
FNDA:1,(anonymous_19)
FNDA:1,(anonymous_20)
FNDA:1,(anonymous_21)
FNDA:1,(anonymous_22)
FNDA:1,(anonymous_23)
FNDA:0,(anonymous_24)
FNDA:0,(anonymous_25)
FNDA:2,(anonymous_26)
FNDA:2,(anonymous_27)
FNDA:304,(anonymous_28)
FNDA:0,(anonymous_29)
FNDA:0,(anonymous_30)
DA:69,1
DA:81,1
DA:95,38
DA:104,38
DA:107,38
DA:108,38
DA:109,38
DA:112,38
DA:113,35
DA:117,38
DA:118,0
DA:120,0
DA:121,0
DA:123,0
DA:124,0
DA:126,0
DA:127,0
DA:129,0
DA:130,0
DA:132,0
DA:133,0
DA:134,0
DA:137,0
DA:138,0
DA:142,0
DA:144,0
DA:145,0
DA:147,0
DA:148,0
DA:150,0
DA:151,0
DA:152,0
DA:155,0
DA:156,0
DA:161,0
DA:162,0
DA:165,0
DA:177,38
DA:178,35
DA:179,3
DA:180,3
DA:182,32
DA:183,0
DA:187,35
DA:188,35
DA:189,0
DA:195,38
DA:196,34
DA:198,33
DA:200,5
DA:201,5
DA:202,5
DA:205,5
DA:207,1
DA:208,1
DA:210,1
DA:211,0
DA:213,1
DA:215,1
DA:217,1
DA:218,0
DA:220,1
DA:222,1
DA:224,1
DA:225,1
DA:227,1
DA:228,1
DA:230,0
DA:231,0
DA:233,0
DA:237,33
DA:238,33
DA:242,38
DA:243,3
DA:246,38
DA:247,1
DA:248,1
DA:251,38
DA:252,2
DA:253,2
DA:256,38
DA:257,2
DA:258,2
DA:261,38
DA:262,2
DA:265,38
DA:266,2
DA:269,38
DA:270,0
DA:271,0
DA:272,0
DA:275,38
DA:276,0
DA:277,0
DA:278,0
DA:281,38
DA:282,1
DA:283,1
DA:286,38
DA:287,1
DA:288,1
DA:291,38
DA:292,1
DA:293,1
DA:296,38
DA:297,1
DA:303,38
DA:304,0
DA:305,0
DA:308,38
DA:309,2
DA:313,38
DA:315,38
DA:464,304
DA:547,0
LF:115
LH:72
BRDA:89,0,0,0
BRDA:90,1,0,0
BRDA:91,2,0,0
BRDA:118,3,0,0
BRDA:118,3,1,0
BRDA:120,4,0,0
BRDA:120,4,1,0
BRDA:123,5,0,0
BRDA:123,5,1,0
BRDA:126,6,0,0
BRDA:126,6,1,0
BRDA:127,7,0,0
BRDA:127,7,1,0
BRDA:127,7,2,0
BRDA:127,7,3,0
BRDA:144,8,0,0
BRDA:144,8,1,0
BRDA:145,9,0,0
BRDA:145,9,1,0
BRDA:145,9,2,0
BRDA:145,9,3,0
BRDA:178,10,0,3
BRDA:178,10,1,32
BRDA:182,11,0,0
BRDA:182,11,1,32
BRDA:188,12,0,0
BRDA:188,12,1,35
BRDA:196,13,0,1
BRDA:196,13,1,33
BRDA:201,14,0,5
BRDA:201,14,1,0
BRDA:205,15,0,1
BRDA:205,15,1,1
BRDA:205,15,2,1
BRDA:205,15,3,1
BRDA:205,15,4,1
BRDA:205,15,5,0
BRDA:210,16,0,0
BRDA:210,16,1,1
BRDA:217,17,0,0
BRDA:217,17,1,1
BRDA:230,18,0,0
BRDA:230,18,1,0
BRDA:282,19,0,0
BRDA:282,19,1,1
BRDA:292,20,0,0
BRDA:292,20,1,1
BRDA:299,21,0,1
BRDA:299,21,1,0
BRDA:313,22,0,36
BRDA:313,22,1,2
BRDA:326,23,0,38
BRDA:326,23,1,4
BRDA:382,24,0,38
BRDA:382,24,1,34
BRDA:394,25,0,38
BRDA:394,25,1,34
BRDA:400,26,0,3
BRDA:400,26,1,35
BRDA:407,27,0,3
BRDA:407,27,1,35
BRDA:410,28,0,3
BRDA:410,28,1,35
BRDA:414,29,0,3
BRDA:414,29,1,35
BRDA:428,30,0,38
BRDA:428,30,1,34
BRDA:443,31,0,38
BRDA:443,31,1,34
BRDA:513,32,0,1
BRDA:513,32,1,37
BRDA:520,33,0,37
BRDA:520,33,1,1
BRDA:528,34,0,2
BRDA:528,34,1,36
BRDA:536,35,0,38
BRDA:536,35,1,2
BRDA:576,36,0,38
BRDA:576,36,1,37
BRF:79
BRH:47
end_of_record
TN:
SF:src\components\ConnectivityStatusIndicator.tsx
FN:53,(anonymous_0)
FN:63,(anonymous_1)
FN:128,(anonymous_2)
FN:136,(anonymous_3)
FN:153,(anonymous_4)
FN:168,(anonymous_5)
FN:172,(anonymous_6)
FN:179,(anonymous_7)
FN:183,(anonymous_8)
FN:189,(anonymous_9)
FN:193,(anonymous_10)
FN:275,(anonymous_11)
FNF:12
FNH:0
FNDA:0,(anonymous_0)
FNDA:0,(anonymous_1)
FNDA:0,(anonymous_2)
FNDA:0,(anonymous_3)
FNDA:0,(anonymous_4)
FNDA:0,(anonymous_5)
FNDA:0,(anonymous_6)
FNDA:0,(anonymous_7)
FNDA:0,(anonymous_8)
FNDA:0,(anonymous_9)
FNDA:0,(anonymous_10)
FNDA:0,(anonymous_11)
DA:53,0
DA:59,0
DA:60,0
DA:61,0
DA:63,0
DA:64,0
DA:66,0
DA:68,0
DA:71,0
DA:72,0
DA:73,0
DA:74,0
DA:75,0
DA:77,0
DA:84,0
DA:92,0
DA:94,0
DA:103,0
DA:105,0
DA:106,0
DA:110,0
DA:118,0
DA:120,0
DA:121,0
DA:124,0
DA:128,0
DA:129,0
DA:130,0
DA:131,0
DA:132,0
DA:133,0
DA:136,0
DA:137,0
DA:139,0
DA:141,0
DA:143,0
DA:145,0
DA:147,0
DA:149,0
DA:153,0
DA:154,0
DA:157,0
DA:160,0
DA:162,0
DA:164,0
DA:168,0
DA:169,0
DA:172,0
DA:174,0
DA:177,0
DA:178,0
DA:179,0
DA:183,0
DA:184,0
DA:185,0
DA:189,0
DA:190,0
DA:193,0
DA:194,0
DA:195,0
DA:198,0
DA:199,0
DA:209,0
DA:211,0
DA:276,0
DA:277,0
LF:66
LH:0
BRDA:54,0,0,0
BRDA:55,1,0,0
BRDA:56,2,0,0
BRDA:72,3,0,0
BRDA:72,3,1,0
BRDA:105,4,0,0
BRDA:105,4,1,0
BRDA:120,5,0,0
BRDA:120,5,1,0
BRDA:129,6,0,0
BRDA:129,6,1,0
BRDA:130,7,0,0
BRDA:130,7,1,0
BRDA:131,8,0,0
BRDA:131,8,1,0
BRDA:132,9,0,0
BRDA:132,9,1,0
BRDA:137,10,0,0
BRDA:137,10,1,0
BRDA:137,10,2,0
BRDA:137,10,3,0
BRDA:137,10,4,0
BRDA:137,10,5,0
BRDA:154,11,0,0
BRDA:154,11,1,0
BRDA:154,11,2,0
BRDA:154,11,3,0
BRDA:154,11,4,0
BRDA:154,11,5,0
BRDA:169,12,0,0
BRDA:169,12,1,0
BRDA:177,13,0,0
BRDA:177,13,1,0
BRDA:177,14,0,0
BRDA:177,14,1,0
BRDA:184,15,0,0
BRDA:184,15,1,0
BRDA:198,16,0,0
BRDA:198,16,1,0
BRDA:220,17,0,0
BRDA:220,17,1,0
BRDA:230,18,0,0
BRDA:230,18,1,0
BRDA:244,19,0,0
BRDA:244,19,1,0
BRDA:307,20,0,0
BRDA:307,20,1,0
BRDA:319,21,0,0
BRDA:319,21,1,0
BRDA:329,22,0,0
BRDA:329,22,1,0
BRDA:339,23,0,0
BRDA:339,23,1,0
BRDA:343,24,0,0
BRDA:343,24,1,0
BRDA:374,25,0,0
BRDA:374,25,1,0
BRDA:374,26,0,0
BRDA:374,26,1,0
BRDA:385,27,0,0
BRDA:385,27,1,0
BRDA:385,27,2,0
BRDA:385,27,3,0
BRDA:392,28,0,0
BRDA:392,28,1,0
BRDA:400,29,0,0
BRDA:400,29,1,0
BRDA:400,29,2,0
BRF:68
BRH:0
end_of_record
TN:
SF:src\components\DiagnosticAnalysis.tsx
FN:62,(anonymous_0)
FN:70,(anonymous_1)
FN:76,(anonymous_2)
FN:91,(anonymous_3)
FN:100,(anonymous_4)
FN:109,(anonymous_5)
FN:169,(anonymous_6)
FN:208,(anonymous_7)
FN:212,(anonymous_8)
FN:278,(anonymous_9)
FNF:10
FNH:0
FNDA:0,(anonymous_0)
FNDA:0,(anonymous_1)
FNDA:0,(anonymous_2)
FNDA:0,(anonymous_3)
FNDA:0,(anonymous_4)
FNDA:0,(anonymous_5)
FNDA:0,(anonymous_6)
FNDA:0,(anonymous_7)
FNDA:0,(anonymous_8)
FNDA:0,(anonymous_9)
DA:62,0
DA:67,0
DA:68,0
DA:70,0
DA:71,0
DA:72,0
DA:76,0
DA:77,0
DA:78,0
DA:79,0
DA:80,0
DA:81,0
DA:82,0
DA:85,0
DA:87,0
DA:91,0
DA:92,0
DA:93,0
DA:94,0
DA:95,0
DA:96,0
DA:100,0
DA:101,0
DA:102,0
DA:103,0
DA:104,0
DA:105,0
DA:109,0
DA:110,0
DA:111,0
DA:112,0
DA:113,0
DA:114,0
DA:118,0
DA:119,0
DA:134,0
DA:135,0
DA:149,0
DA:170,0
DA:209,0
DA:212,0
DA:279,0
LF:42
LH:0
BRDA:68,0,0,0
BRDA:68,0,1,0
BRDA:71,1,0,0
BRDA:71,1,1,0
BRDA:80,2,0,0
BRDA:80,2,1,0
BRDA:92,3,0,0
BRDA:92,3,1,0
BRDA:92,3,2,0
BRDA:92,3,3,0
BRDA:101,4,0,0
BRDA:101,4,1,0
BRDA:101,4,2,0
BRDA:101,4,3,0
BRDA:110,5,0,0
BRDA:110,5,1,0
BRDA:110,5,2,0
BRDA:110,5,3,0
BRDA:118,6,0,0
BRDA:118,6,1,0
BRDA:134,7,0,0
BRDA:134,7,1,0
BRDA:164,8,0,0
BRDA:164,8,1,0
BRDA:202,9,0,0
BRDA:202,9,1,0
BRDA:247,10,0,0
BRDA:247,10,1,0
BRF:28
BRH:0
end_of_record
TN:
SF:src\components\EnhancedUploadDialog.tsx
FN:58,TabPanel
FN:74,(anonymous_1)
FN:107,(anonymous_2)
FN:114,(anonymous_3)
FN:118,(anonymous_4)
FN:128,(anonymous_5)
FN:172,(anonymous_6)
FN:196,(anonymous_7)
FN:211,(anonymous_8)
FN:215,(anonymous_9)
FN:220,(anonymous_10)
FN:232,(anonymous_11)
FN:238,(anonymous_12)
FN:242,(anonymous_13)
FN:248,(anonymous_14)
FN:294,(anonymous_15)
FN:327,(anonymous_16)
FN:334,(anonymous_17)
FN:345,(anonymous_18)
FN:453,(anonymous_19)
FN:478,(anonymous_20)
FN:482,(anonymous_21)
FN:483,(anonymous_22)
FN:483,(anonymous_23)
FN:486,(anonymous_24)
FN:487,(anonymous_25)
FN:487,(anonymous_26)
FN:503,(anonymous_27)
FN:509,(anonymous_28)
FNF:29
FNH:0
FNDA:0,TabPanel
FNDA:0,(anonymous_1)
FNDA:0,(anonymous_2)
FNDA:0,(anonymous_3)
FNDA:0,(anonymous_4)
FNDA:0,(anonymous_5)
FNDA:0,(anonymous_6)
FNDA:0,(anonymous_7)
FNDA:0,(anonymous_8)
FNDA:0,(anonymous_9)
FNDA:0,(anonymous_10)
FNDA:0,(anonymous_11)
FNDA:0,(anonymous_12)
FNDA:0,(anonymous_13)
FNDA:0,(anonymous_14)
FNDA:0,(anonymous_15)
FNDA:0,(anonymous_16)
FNDA:0,(anonymous_17)
FNDA:0,(anonymous_18)
FNDA:0,(anonymous_19)
FNDA:0,(anonymous_20)
FNDA:0,(anonymous_21)
FNDA:0,(anonymous_22)
FNDA:0,(anonymous_23)
FNDA:0,(anonymous_24)
FNDA:0,(anonymous_25)
FNDA:0,(anonymous_26)
FNDA:0,(anonymous_27)
FNDA:0,(anonymous_28)
DA:59,0
DA:61,0
DA:74,0
DA:81,0
DA:82,0
DA:83,0
DA:84,0
DA:87,0
DA:88,0
DA:89,0
DA:92,0
DA:93,0
DA:96,0
DA:97,0
DA:99,0
DA:107,0
DA:108,0
DA:109,0
DA:110,0
DA:111,0
DA:112,0
DA:114,0
DA:118,0
DA:119,0
DA:121,0
DA:123,0
DA:128,0
DA:129,0
DA:131,0
DA:132,0
DA:133,0
DA:134,0
DA:136,0
DA:138,0
DA:139,0
DA:140,0
DA:141,0
DA:143,0
DA:150,0
DA:158,0
DA:161,0
DA:164,0
DA:172,0
DA:174,0
DA:183,0
DA:184,0
DA:186,0
DA:187,0
DA:191,0
DA:196,0
DA:197,0
DA:198,0
DA:199,0
DA:201,0
DA:202,0
DA:211,0
DA:212,0
DA:213,0
DA:214,0
DA:215,0
DA:220,0
DA:221,0
DA:222,0
DA:223,0
DA:224,0
DA:225,0
DA:226,0
DA:227,0
DA:228,0
DA:232,0
DA:233,0
DA:234,0
DA:238,0
DA:239,0
DA:242,0
DA:243,0
DA:244,0
DA:245,0
DA:248,0
DA:249,0
DA:251,0
DA:253,0
DA:254,0
DA:256,0
DA:260,0
DA:294,0
DA:327,0
DA:334,0
DA:346,0
DA:454,0
DA:479,0
DA:483,0
DA:487,0
DA:503,0
DA:510,0
DA:511,0
DA:512,0
DA:513,0
LF:98
LH:0
BRDA:69,0,0,0
BRDA:69,0,1,0
BRDA:108,1,0,0
BRDA:108,1,1,0
BRDA:110,2,0,0
BRDA:110,2,1,0
BRDA:121,3,0,0
BRDA:121,3,1,0
BRDA:121,4,0,0
BRDA:121,4,1,0
BRDA:129,5,0,0
BRDA:129,5,1,0
BRDA:129,6,0,0
BRDA:129,6,1,0
BRDA:186,7,0,0
BRDA:186,7,1,0
BRDA:212,8,0,0
BRDA:212,8,1,0
BRDA:212,9,0,0
BRDA:212,9,1,0
BRDA:221,10,0,0
BRDA:221,10,1,0
BRDA:233,11,0,0
BRDA:233,11,1,0
BRDA:243,12,0,0
BRDA:243,12,1,0
BRDA:244,13,0,0
BRDA:244,13,1,0
BRDA:249,14,0,0
BRDA:249,14,1,0
BRDA:249,14,2,0
BRDA:251,15,0,0
BRDA:251,15,1,0
BRDA:254,16,0,0
BRDA:254,16,1,0
BRDA:276,17,0,0
BRDA:276,17,1,0
BRDA:283,18,0,0
BRDA:283,18,1,0
BRDA:295,19,0,0
BRDA:295,19,1,0
BRDA:307,20,0,0
BRDA:307,20,1,0
BRDA:329,21,0,0
BRDA:329,21,1,0
BRDA:349,22,0,0
BRDA:349,22,1,0
BRDA:383,23,0,0
BRDA:383,23,1,0
BRDA:419,24,0,0
BRDA:419,24,1,0
BRDA:419,24,2,0
BRDA:432,25,0,0
BRDA:432,25,1,0
BRDA:440,26,0,0
BRDA:440,26,1,0
BRDA:448,27,0,0
BRDA:448,27,1,0
BRDA:456,28,0,0
BRDA:456,28,1,0
BRDA:461,29,0,0
BRDA:461,29,1,0
BRDA:476,30,0,0
BRDA:476,30,1,0
BRDA:496,31,0,0
BRDA:496,31,1,0
BRDA:557,32,0,0
BRDA:557,32,1,0
BRDA:569,33,0,0
BRDA:569,33,1,0
BRDA:572,34,0,0
BRDA:572,34,1,0
BRDA:572,34,2,0
BRDA:577,35,0,0
BRDA:577,35,1,0
BRF:75
BRH:0
end_of_record
TN:
SF:src\components\ErrorBoundary.tsx
FN:15,(anonymous_0)
FN:20,(anonymous_1)
FN:25,(anonymous_2)
FN:38,(anonymous_3)
FN:60,(anonymous_4)
FNF:5
FNH:0
FNDA:0,(anonymous_0)
FNDA:0,(anonymous_1)
FNDA:0,(anonymous_2)
FNDA:0,(anonymous_3)
FNDA:0,(anonymous_4)
DA:16,0
DA:17,0
DA:22,0
DA:27,0
DA:29,0
DA:39,0
DA:41,0
DA:42,0
DA:46,0
DA:61,0
DA:62,0
DA:81,0
LF:12
LH:0
BRDA:39,0,0,0
BRDA:39,0,1,0
BRDA:41,1,0,0
BRDA:41,1,1,0
BRDA:55,2,0,0
BRDA:55,2,1,0
BRF:6
BRH:0
end_of_record
TN:
SF:src\components\ErrorDisplay.tsx
FN:56,(anonymous_0)
FN:68,(anonymous_1)
FN:83,(anonymous_2)
FN:97,(anonymous_3)
FN:110,(anonymous_4)
FN:123,(anonymous_5)
FN:127,(anonymous_6)
FN:133,(anonymous_7)
FN:239,(anonymous_8)
FN:265,(anonymous_9)
FN:376,(anonymous_10)
FN:403,(anonymous_11)
FNF:12
FNH:0
FNDA:0,(anonymous_0)
FNDA:0,(anonymous_1)
FNDA:0,(anonymous_2)
FNDA:0,(anonymous_3)
FNDA:0,(anonymous_4)
FNDA:0,(anonymous_5)
FNDA:0,(anonymous_6)
FNDA:0,(anonymous_7)
FNDA:0,(anonymous_8)
FNDA:0,(anonymous_9)
FNDA:0,(anonymous_10)
FNDA:0,(anonymous_11)
DA:56,0
DA:64,0
DA:65,0
DA:66,0
DA:68,0
DA:69,0
DA:71,0
DA:73,0
DA:75,0
DA:77,0
DA:79,0
DA:83,0
DA:84,0
DA:87,0
DA:89,0
DA:91,0
DA:93,0
DA:97,0
DA:98,0
DA:100,0
DA:102,0
DA:104,0
DA:106,0
DA:110,0
DA:111,0
DA:113,0
DA:115,0
DA:117,0
DA:119,0
DA:123,0
DA:124,0
DA:125,0
DA:126,0
DA:127,0
DA:129,0
DA:133,0
DA:134,0
DA:154,0
DA:155,0
DA:179,0
DA:240,0
DA:266,0
DA:376,0
DA:403,0
LF:44
LH:0
BRDA:61,0,0,0
BRDA:62,1,0,0
BRDA:69,2,0,0
BRDA:69,2,1,0
BRDA:69,2,2,0
BRDA:69,2,3,0
BRDA:69,2,4,0
BRDA:84,3,0,0
BRDA:84,3,1,0
BRDA:84,3,2,0
BRDA:84,3,3,0
BRDA:84,3,4,0
BRDA:98,4,0,0
BRDA:98,4,1,0
BRDA:98,4,2,0
BRDA:98,4,3,0
BRDA:111,5,0,0
BRDA:111,5,1,0
BRDA:111,5,2,0
BRDA:111,5,3,0
BRDA:147,6,0,0
BRDA:147,6,1,0
BRDA:150,7,0,0
BRDA:150,7,1,0
BRDA:154,8,0,0
BRDA:154,8,1,0
BRDA:160,9,0,0
BRDA:160,9,1,0
BRDA:160,9,2,0
BRDA:165,10,0,0
BRDA:165,10,1,0
BRDA:206,11,0,0
BRDA:206,11,1,0
BRDA:214,12,0,0
BRDA:214,12,1,0
BRDA:225,13,0,0
BRDA:225,13,1,0
BRDA:233,14,0,0
BRDA:233,14,1,0
BRDA:242,15,0,0
BRDA:242,15,1,0
BRDA:245,16,0,0
BRDA:245,16,1,0
BRDA:255,17,0,0
BRDA:255,17,1,0
BRDA:284,18,0,0
BRDA:284,18,1,0
BRDA:300,19,0,0
BRDA:300,19,1,0
BRDA:310,20,0,0
BRDA:310,20,1,0
BRDA:319,21,0,0
BRDA:319,21,1,0
BRDA:328,22,0,0
BRDA:328,22,1,0
BRDA:337,23,0,0
BRDA:337,23,1,0
BRDA:342,24,0,0
BRDA:342,24,1,0
BRDA:359,25,0,0
BRDA:359,25,1,0
BRDA:359,25,2,0
BRDA:373,26,0,0
BRDA:373,26,1,0
BRDA:383,27,0,0
BRDA:383,27,1,0
BRDA:408,28,0,0
BRDA:408,28,1,0
BRF:68
BRH:0
end_of_record
TN:
SF:src\components\Interactive3DControls.tsx
FN:74,(anonymous_0)
FN:130,(anonymous_1)
FN:144,(anonymous_2)
FN:151,(anonymous_3)
FN:152,(anonymous_4)
FN:153,(anonymous_5)
FN:159,(anonymous_6)
FN:160,(anonymous_7)
FN:166,(anonymous_8)
FN:180,(anonymous_9)
FN:190,(anonymous_10)
FN:191,(anonymous_11)
FN:202,(anonymous_12)
FN:203,(anonymous_13)
FN:217,(anonymous_14)
FN:226,(anonymous_15)
FN:234,(anonymous_16)
FN:235,(anonymous_17)
FN:235,(anonymous_18)
FN:241,(anonymous_19)
FN:247,(anonymous_20)
FN:248,(anonymous_21)
FN:249,(anonymous_22)
FN:250,(anonymous_23)
FN:251,(anonymous_24)
FN:252,(anonymous_25)
FN:265,(anonymous_26)
FN:278,(anonymous_27)
FN:313,(anonymous_28)
FN:318,(anonymous_29)
FN:323,(anonymous_30)
FN:328,(anonymous_31)
FN:349,(anonymous_32)
FN:361,(anonymous_33)
FN:373,(anonymous_34)
FN:396,(anonymous_35)
FN:411,(anonymous_36)
FN:423,(anonymous_37)
FN:438,(anonymous_38)
FN:445,(anonymous_39)
FN:467,(anonymous_40)
FN:489,(anonymous_41)
FN:496,(anonymous_42)
FN:503,(anonymous_43)
FN:514,(anonymous_44)
FN:519,(anonymous_45)
FN:535,(anonymous_46)
FN:542,(anonymous_47)
FN:550,(anonymous_48)
FN:557,(anonymous_49)
FN:560,(anonymous_50)
FN:563,(anonymous_51)
FN:566,(anonymous_52)
FN:572,(anonymous_53)
FN:577,(anonymous_54)
FN:587,(anonymous_55)
FN:601,(anonymous_56)
FN:615,(anonymous_57)
FN:629,(anonymous_58)
FN:639,(anonymous_59)
FNF:60
FNH:0
FNDA:0,(anonymous_0)
FNDA:0,(anonymous_1)
FNDA:0,(anonymous_2)
FNDA:0,(anonymous_3)
FNDA:0,(anonymous_4)
FNDA:0,(anonymous_5)
FNDA:0,(anonymous_6)
FNDA:0,(anonymous_7)
FNDA:0,(anonymous_8)
FNDA:0,(anonymous_9)
FNDA:0,(anonymous_10)
FNDA:0,(anonymous_11)
FNDA:0,(anonymous_12)
FNDA:0,(anonymous_13)
FNDA:0,(anonymous_14)
FNDA:0,(anonymous_15)
FNDA:0,(anonymous_16)
FNDA:0,(anonymous_17)
FNDA:0,(anonymous_18)
FNDA:0,(anonymous_19)
FNDA:0,(anonymous_20)
FNDA:0,(anonymous_21)
FNDA:0,(anonymous_22)
FNDA:0,(anonymous_23)
FNDA:0,(anonymous_24)
FNDA:0,(anonymous_25)
FNDA:0,(anonymous_26)
FNDA:0,(anonymous_27)
FNDA:0,(anonymous_28)
FNDA:0,(anonymous_29)
FNDA:0,(anonymous_30)
FNDA:0,(anonymous_31)
FNDA:0,(anonymous_32)
FNDA:0,(anonymous_33)
FNDA:0,(anonymous_34)
FNDA:0,(anonymous_35)
FNDA:0,(anonymous_36)
FNDA:0,(anonymous_37)
FNDA:0,(anonymous_38)
FNDA:0,(anonymous_39)
FNDA:0,(anonymous_40)
FNDA:0,(anonymous_41)
FNDA:0,(anonymous_42)
FNDA:0,(anonymous_43)
FNDA:0,(anonymous_44)
FNDA:0,(anonymous_45)
FNDA:0,(anonymous_46)
FNDA:0,(anonymous_47)
FNDA:0,(anonymous_48)
FNDA:0,(anonymous_49)
FNDA:0,(anonymous_50)
FNDA:0,(anonymous_51)
FNDA:0,(anonymous_52)
FNDA:0,(anonymous_53)
FNDA:0,(anonymous_54)
FNDA:0,(anonymous_55)
FNDA:0,(anonymous_56)
FNDA:0,(anonymous_57)
FNDA:0,(anonymous_58)
FNDA:0,(anonymous_59)
DA:74,0
DA:86,0
DA:87,0
DA:88,0
DA:91,0
DA:116,0
DA:117,0
DA:120,0
DA:121,0
DA:124,0
DA:125,0
DA:130,0
DA:131,0
DA:132,0
DA:134,0
DA:135,0
DA:136,0
DA:138,0
DA:144,0
DA:145,0
DA:151,0
DA:152,0
DA:153,0
DA:159,0
DA:160,0
DA:166,0
DA:167,0
DA:168,0
DA:169,0
DA:170,0
DA:180,0
DA:181,0
DA:182,0
DA:183,0
DA:184,0
DA:186,0
DA:188,0
DA:190,0
DA:191,0
DA:192,0
DA:195,0
DA:202,0
DA:203,0
DA:204,0
DA:205,0
DA:207,0
DA:210,0
DA:211,0
DA:217,0
DA:218,0
DA:226,0
DA:227,0
DA:228,0
DA:234,0
DA:235,0
DA:241,0
DA:242,0
DA:246,0
DA:247,0
DA:248,0
DA:249,0
DA:250,0
DA:251,0
DA:252,0
DA:255,0
DA:259,0
DA:265,0
DA:266,0
DA:268,0
DA:269,0
DA:270,0
DA:272,0
DA:278,0
DA:281,0
DA:282,0
DA:284,0
DA:285,0
DA:286,0
DA:288,0
DA:290,0
DA:291,0
DA:294,0
DA:313,0
DA:318,0
DA:323,0
DA:328,0
DA:349,0
DA:361,0
DA:373,0
DA:396,0
DA:411,0
DA:423,0
DA:439,0
DA:445,0
DA:467,0
DA:489,0
DA:496,0
DA:503,0
DA:515,0
DA:519,0
DA:535,0
DA:542,0
DA:550,0
DA:557,0
DA:560,0
DA:563,0
DA:566,0
DA:572,0
DA:577,0
DA:587,0
DA:601,0
DA:615,0
DA:629,0
DA:639,0
LF:114
LH:0
BRDA:181,0,0,0
BRDA:181,0,1,0
BRDA:182,1,0,0
BRDA:182,1,1,0
BRDA:204,2,0,0
BRDA:204,2,1,0
BRDA:222,3,0,0
BRDA:222,3,1,0
BRDA:222,4,0,0
BRDA:222,4,1,0
BRDA:242,5,0,0
BRDA:242,5,1,0
BRDA:242,6,0,0
BRDA:242,6,1,0
BRDA:266,7,0,0
BRDA:266,7,1,0
BRDA:288,8,0,0
BRDA:288,8,1,0
BRDA:288,9,0,0
BRDA:288,9,1,0
BRDA:337,10,0,0
BRDA:337,10,1,0
BRDA:338,11,0,0
BRDA:338,11,1,0
BRDA:460,12,0,0
BRDA:460,12,1,0
BRDA:487,13,0,0
BRDA:487,13,1,0
BRDA:494,14,0,0
BRDA:494,14,1,0
BRDA:501,15,0,0
BRDA:501,15,1,0
BRDA:509,16,0,0
BRDA:509,16,1,0
BRF:34
BRH:0
end_of_record
TN:
SF:src\components\MPRViewer.tsx
FN:45,(anonymous_0)
FN:96,(anonymous_1)
FN:99,(anonymous_2)
FN:114,(anonymous_3)
FN:158,(anonymous_4)
FN:194,(anonymous_5)
FN:262,(anonymous_6)
FN:303,(anonymous_7)
FN:342,(anonymous_8)
FN:349,(anonymous_9)
FN:378,(anonymous_10)
FN:388,(anonymous_11)
FN:390,(anonymous_12)
FN:394,(anonymous_13)
FN:394,(anonymous_14)
FN:402,(anonymous_15)
FN:403,(anonymous_16)
FN:403,(anonymous_17)
FN:410,(anonymous_18)
FN:415,(anonymous_19)
FN:420,(anonymous_20)
FN:435,(anonymous_21)
FN:453,(anonymous_22)
FN:474,(anonymous_23)
FN:498,(anonymous_24)
FN:514,(anonymous_25)
FN:538,(anonymous_26)
FN:554,(anonymous_27)
FN:578,(anonymous_28)
FNF:29
FNH:0
FNDA:0,(anonymous_0)
FNDA:0,(anonymous_1)
FNDA:0,(anonymous_2)
FNDA:0,(anonymous_3)
FNDA:0,(anonymous_4)
FNDA:0,(anonymous_5)
FNDA:0,(anonymous_6)
FNDA:0,(anonymous_7)
FNDA:0,(anonymous_8)
FNDA:0,(anonymous_9)
FNDA:0,(anonymous_10)
FNDA:0,(anonymous_11)
FNDA:0,(anonymous_12)
FNDA:0,(anonymous_13)
FNDA:0,(anonymous_14)
FNDA:0,(anonymous_15)
FNDA:0,(anonymous_16)
FNDA:0,(anonymous_17)
FNDA:0,(anonymous_18)
FNDA:0,(anonymous_19)
FNDA:0,(anonymous_20)
FNDA:0,(anonymous_21)
FNDA:0,(anonymous_22)
FNDA:0,(anonymous_23)
FNDA:0,(anonymous_24)
FNDA:0,(anonymous_25)
FNDA:0,(anonymous_26)
FNDA:0,(anonymous_27)
FNDA:0,(anonymous_28)
DA:45,0
DA:56,0
DA:57,0
DA:58,0
DA:61,0
DA:62,0
DA:63,0
DA:66,0
DA:91,0
DA:96,0
DA:97,0
DA:99,0
DA:108,0
DA:114,0
DA:115,0
DA:117,0
DA:120,0
DA:121,0
DA:122,0
DA:125,0
DA:126,0
DA:127,0
DA:129,0
DA:131,0
DA:132,0
DA:133,0
DA:135,0
DA:137,0
DA:138,0
DA:139,0
DA:140,0
DA:142,0
DA:146,0
DA:147,0
DA:148,0
DA:149,0
DA:150,0
DA:151,0
DA:153,0
DA:154,0
DA:155,0
DA:158,0
DA:159,0
DA:160,0
DA:161,0
DA:162,0
DA:163,0
DA:165,0
DA:169,0
DA:170,0
DA:171,0
DA:172,0
DA:173,0
DA:174,0
DA:175,0
DA:176,0
DA:179,0
DA:180,0
DA:181,0
DA:182,0
DA:184,0
DA:185,0
DA:187,0
DA:194,0
DA:195,0
DA:196,0
DA:198,0
DA:199,0
DA:203,0
DA:204,0
DA:207,0
DA:214,0
DA:215,0
DA:216,0
DA:217,0
DA:220,0
DA:227,0
DA:228,0
DA:230,0
DA:231,0
DA:234,0
DA:241,0
DA:244,0
DA:248,0
DA:249,0
DA:250,0
DA:251,0
DA:252,0
DA:256,0
DA:262,0
DA:263,0
DA:265,0
DA:266,0
DA:267,0
DA:268,0
DA:271,0
DA:272,0
DA:274,0
DA:275,0
DA:276,0
DA:277,0
DA:278,0
DA:279,0
DA:280,0
DA:281,0
DA:282,0
DA:286,0
DA:287,0
DA:288,0
DA:289,0
DA:292,0
DA:293,0
DA:294,0
DA:295,0
DA:297,0
DA:303,0
DA:304,0
DA:306,0
DA:307,0
DA:308,0
DA:309,0
DA:312,0
DA:315,0
DA:318,0
DA:319,0
DA:320,0
DA:321,0
DA:324,0
DA:326,0
DA:329,0
DA:332,0
DA:333,0
DA:334,0
DA:335,0
DA:336,0
DA:342,0
DA:343,0
DA:349,0
DA:350,0
DA:351,0
DA:352,0
DA:353,0
DA:355,0
DA:356,0
DA:357,0
DA:359,0
DA:360,0
DA:361,0
DA:362,0
DA:363,0
DA:364,0
DA:365,0
DA:366,0
DA:367,0
DA:370,0
DA:371,0
DA:378,0
DA:379,0
DA:380,0
DA:381,0
DA:382,0
DA:388,0
DA:389,0
DA:390,0
DA:391,0
DA:394,0
DA:402,0
DA:403,0
DA:410,0
DA:411,0
DA:415,0
DA:416,0
DA:417,0
DA:418,0
DA:420,0
DA:421,0
DA:422,0
DA:423,0
DA:424,0
DA:425,0
DA:428,0
DA:435,0
DA:453,0
DA:474,0
DA:498,0
DA:514,0
DA:538,0
DA:554,0
DA:578,0
LF:189
LH:0
BRDA:47,0,0,0
BRDA:48,1,0,0
BRDA:51,2,0,0
BRDA:52,3,0,0
BRDA:53,4,0,0
BRDA:101,5,0,0
BRDA:101,5,1,0
BRDA:115,6,0,0
BRDA:115,6,1,0
BRDA:129,7,0,0
BRDA:129,7,1,0
BRDA:137,8,0,0
BRDA:137,8,1,0
BRDA:138,9,0,0
BRDA:138,9,1,0
BRDA:139,10,0,0
BRDA:139,10,1,0
BRDA:140,11,0,0
BRDA:140,11,1,0
BRDA:142,12,0,0
BRDA:142,12,1,0
BRDA:160,13,0,0
BRDA:160,13,1,0
BRDA:161,14,0,0
BRDA:161,14,1,0
BRDA:162,15,0,0
BRDA:162,15,1,0
BRDA:163,16,0,0
BRDA:163,16,1,0
BRDA:165,17,0,0
BRDA:165,17,1,0
BRDA:198,18,0,0
BRDA:198,18,1,0
BRDA:263,19,0,0
BRDA:263,19,1,0
BRDA:274,20,0,0
BRDA:274,20,1,0
BRDA:277,21,0,0
BRDA:277,21,1,0
BRDA:280,22,0,0
BRDA:280,22,1,0
BRDA:304,23,0,0
BRDA:304,23,1,0
BRDA:304,24,0,0
BRDA:304,24,1,0
BRDA:304,24,2,0
BRDA:355,25,0,0
BRDA:355,25,1,0
BRDA:359,26,0,0
BRDA:359,26,1,0
BRDA:362,27,0,0
BRDA:362,27,1,0
BRDA:365,28,0,0
BRDA:365,28,1,0
BRDA:421,29,0,0
BRDA:421,29,1,0
BRDA:433,30,0,0
BRDA:433,30,1,0
BRDA:436,31,0,0
BRDA:436,31,1,0
BRDA:438,32,0,0
BRDA:438,32,1,0
BRDA:476,33,0,0
BRDA:476,33,1,0
BRDA:497,34,0,0
BRDA:497,34,1,0
BRDA:516,35,0,0
BRDA:516,35,1,0
BRDA:537,36,0,0
BRDA:537,36,1,0
BRDA:556,37,0,0
BRDA:556,37,1,0
BRDA:577,38,0,0
BRDA:577,38,1,0
BRDA:594,39,0,0
BRDA:594,39,1,0
BRDA:616,40,0,0
BRDA:616,40,1,0
BRDA:616,41,0,0
BRDA:616,41,1,0
BRDA:619,42,0,0
BRDA:619,42,1,0
BRDA:619,43,0,0
BRDA:619,43,1,0
BRDA:622,44,0,0
BRDA:622,44,1,0
BRDA:622,45,0,0
BRDA:622,45,1,0
BRDA:626,46,0,0
BRDA:626,46,1,0
BRDA:637,47,0,0
BRDA:637,47,1,0
BRF:92
BRH:0
end_of_record
TN:
SF:src\components\NetworkDiagnostics.tsx
FN:45,(anonymous_0)
FN:54,(anonymous_1)
FN:67,(anonymous_2)
FN:71,(anonymous_3)
FN:74,(anonymous_4)
FN:78,(anonymous_5)
FN:82,(anonymous_6)
FN:86,(anonymous_7)
FN:92,(anonymous_8)
FN:228,(anonymous_9)
FN:326,(anonymous_10)
FN:368,(anonymous_11)
FNF:12
FNH:0
FNDA:0,(anonymous_0)
FNDA:0,(anonymous_1)
FNDA:0,(anonymous_2)
FNDA:0,(anonymous_3)
FNDA:0,(anonymous_4)
FNDA:0,(anonymous_5)
FNDA:0,(anonymous_6)
FNDA:0,(anonymous_7)
FNDA:0,(anonymous_8)
FNDA:0,(anonymous_9)
FNDA:0,(anonymous_10)
FNDA:0,(anonymous_11)
DA:45,0
DA:50,0
DA:51,0
DA:52,0
DA:54,0
DA:55,0
DA:56,0
DA:57,0
DA:58,0
DA:59,0
DA:61,0
DA:63,0
DA:67,0
DA:68,0
DA:71,0
DA:72,0
DA:73,0
DA:74,0
DA:78,0
DA:79,0
DA:82,0
DA:83,0
DA:86,0
DA:87,0
DA:88,0
DA:89,0
DA:92,0
DA:93,0
DA:94,0
DA:95,0
DA:98,0
DA:99,0
DA:109,0
DA:229,0
DA:327,0
DA:369,0
LF:36
LH:0
BRDA:47,0,0,0
BRDA:48,1,0,0
BRDA:72,2,0,0
BRDA:72,2,1,0
BRDA:72,3,0,0
BRDA:72,3,1,0
BRDA:79,4,0,0
BRDA:79,4,1,0
BRDA:83,5,0,0
BRDA:83,5,1,0
BRDA:87,6,0,0
BRDA:87,6,1,0
BRDA:88,7,0,0
BRDA:88,7,1,0
BRDA:93,8,0,0
BRDA:93,8,1,0
BRDA:94,9,0,0
BRDA:94,9,1,0
BRDA:98,10,0,0
BRDA:98,10,1,0
BRDA:98,11,0,0
BRDA:98,11,1,0
BRDA:126,12,0,0
BRDA:126,12,1,0
BRDA:134,13,0,0
BRDA:134,13,1,0
BRDA:140,14,0,0
BRDA:140,14,1,0
BRDA:154,15,0,0
BRDA:154,15,1,0
BRDA:156,16,0,0
BRDA:156,16,1,0
BRDA:201,17,0,0
BRDA:201,17,1,0
BRDA:207,18,0,0
BRDA:207,18,1,0
BRDA:219,19,0,0
BRDA:219,19,1,0
BRDA:221,20,0,0
BRDA:221,20,1,0
BRDA:255,21,0,0
BRDA:255,21,1,0
BRDA:264,22,0,0
BRDA:264,22,1,0
BRDA:267,23,0,0
BRDA:267,23,1,0
BRDA:317,24,0,0
BRDA:317,24,1,0
BRDA:341,25,0,0
BRDA:341,25,1,0
BRDA:346,26,0,0
BRDA:346,26,1,0
BRDA:362,27,0,0
BRDA:362,27,1,0
BRDA:382,28,0,0
BRDA:382,28,1,0
BRF:56
BRH:0
end_of_record
TN:
SF:src\components\OfflineStatus.tsx
FN:30,(anonymous_0)
FN:31,(anonymous_1)
FN:32,(anonymous_2)
FN:37,(anonymous_3)
FN:42,(anonymous_4)
FN:51,(anonymous_5)
FN:52,(anonymous_6)
FN:53,(anonymous_7)
FN:56,(anonymous_8)
FN:62,(anonymous_9)
FN:72,(anonymous_10)
FN:78,(anonymous_11)
FN:87,(anonymous_12)
FN:92,(anonymous_13)
FN:96,(anonymous_14)
FN:109,(anonymous_15)
FN:119,(anonymous_16)
FN:129,(anonymous_17)
FN:137,(anonymous_18)
FN:143,(anonymous_19)
FNF:20
FNH:0
FNDA:0,(anonymous_0)
FNDA:0,(anonymous_1)
FNDA:0,(anonymous_2)
FNDA:0,(anonymous_3)
FNDA:0,(anonymous_4)
FNDA:0,(anonymous_5)
FNDA:0,(anonymous_6)
FNDA:0,(anonymous_7)
FNDA:0,(anonymous_8)
FNDA:0,(anonymous_9)
FNDA:0,(anonymous_10)
FNDA:0,(anonymous_11)
FNDA:0,(anonymous_12)
FNDA:0,(anonymous_13)
FNDA:0,(anonymous_14)
FNDA:0,(anonymous_15)
FNDA:0,(anonymous_16)
FNDA:0,(anonymous_17)
FNDA:0,(anonymous_18)
FNDA:0,(anonymous_19)
DA:29,0
DA:31,0
DA:32,0
DA:34,0
DA:35,0
DA:37,0
DA:38,0
DA:39,0
DA:43,0
DA:56,0
DA:57,0
DA:58,0
DA:59,0
DA:60,0
DA:62,0
DA:64,0
DA:67,0
DA:70,0
DA:72,0
DA:73,0
DA:74,0
DA:78,0
DA:79,0
DA:80,0
DA:81,0
DA:83,0
DA:87,0
DA:88,0
DA:89,0
DA:92,0
DA:93,0
DA:96,0
DA:97,0
DA:98,0
DA:100,0
DA:101,0
DA:102,0
DA:103,0
DA:104,0
DA:109,0
DA:110,0
DA:111,0
DA:114,0
DA:115,0
DA:119,0
DA:120,0
DA:121,0
DA:122,0
DA:123,0
DA:125,0
DA:129,0
DA:130,0
DA:131,0
DA:132,0
DA:133,0
DA:134,0
DA:137,0
DA:138,0
DA:139,0
DA:140,0
DA:143,0
DA:144,0
DA:145,0
DA:146,0
DA:148,0
DA:151,0
DA:153,0
LF:67
LH:0
BRDA:100,0,0,0
BRDA:100,0,1,0
BRDA:102,1,0,0
BRDA:102,1,1,0
BRDA:130,2,0,0
BRDA:130,2,1,0
BRDA:138,3,0,0
BRDA:138,3,1,0
BRDA:139,4,0,0
BRDA:139,4,1,0
BRDA:139,5,0,0
BRDA:139,5,1,0
BRDA:144,6,0,0
BRDA:144,6,1,0
BRDA:145,7,0,0
BRDA:145,7,1,0
BRDA:145,8,0,0
BRDA:145,8,1,0
BRDA:157,9,0,0
BRDA:157,9,1,0
BRDA:161,10,0,0
BRDA:161,10,1,0
BRDA:185,11,0,0
BRDA:185,11,1,0
BRDA:186,12,0,0
BRDA:186,12,1,0
BRDA:187,13,0,0
BRDA:187,13,1,0
BRDA:191,14,0,0
BRDA:191,14,1,0
BRDA:201,15,0,0
BRDA:201,15,1,0
BRDA:239,16,0,0
BRDA:239,16,1,0
BRDA:241,17,0,0
BRDA:241,17,1,0
BRDA:245,18,0,0
BRDA:245,18,1,0
BRDA:268,19,0,0
BRDA:268,19,1,0
BRF:40
BRH:0
end_of_record
TN:
SF:src\components\PatientFileUpload.tsx
FN:45,(anonymous_0)
FN:62,(anonymous_1)
FN:66,(anonymous_2)
FN:76,(anonymous_3)
FN:77,(anonymous_4)
FN:79,(anonymous_5)
FN:84,(anonymous_6)
FN:86,(anonymous_7)
FN:91,(anonymous_8)
FN:95,(anonymous_9)
FN:111,(anonymous_10)
FN:125,(anonymous_11)
FN:132,(anonymous_12)
FN:149,(anonymous_13)
FN:163,(anonymous_14)
FN:172,(anonymous_15)
FN:227,(anonymous_16)
FN:233,(anonymous_17)
FN:264,(anonymous_18)
FN:315,(anonymous_19)
FN:325,(anonymous_20)
FN:332,(anonymous_21)
FN:333,(anonymous_22)
FNF:23
FNH:0
FNDA:0,(anonymous_0)
FNDA:0,(anonymous_1)
FNDA:0,(anonymous_2)
FNDA:0,(anonymous_3)
FNDA:0,(anonymous_4)
FNDA:0,(anonymous_5)
FNDA:0,(anonymous_6)
FNDA:0,(anonymous_7)
FNDA:0,(anonymous_8)
FNDA:0,(anonymous_9)
FNDA:0,(anonymous_10)
FNDA:0,(anonymous_11)
FNDA:0,(anonymous_12)
FNDA:0,(anonymous_13)
FNDA:0,(anonymous_14)
FNDA:0,(anonymous_15)
FNDA:0,(anonymous_16)
FNDA:0,(anonymous_17)
FNDA:0,(anonymous_18)
FNDA:0,(anonymous_19)
FNDA:0,(anonymous_20)
FNDA:0,(anonymous_21)
FNDA:0,(anonymous_22)
DA:45,0
DA:50,0
DA:58,0
DA:59,0
DA:62,0
DA:63,0
DA:64,0
DA:65,0
DA:66,0
DA:76,0
DA:77,0
DA:79,0
DA:84,0
DA:85,0
DA:86,0
DA:87,0
DA:90,0
DA:91,0
DA:92,0
DA:95,0
DA:103,0
DA:104,0
DA:105,0
DA:107,0
DA:108,0
DA:111,0
DA:116,0
DA:117,0
DA:118,0
DA:120,0
DA:121,0
DA:125,0
DA:132,0
DA:140,0
DA:143,0
DA:144,0
DA:148,0
DA:149,0
DA:156,0
DA:157,0
DA:163,0
DA:164,0
DA:165,0
DA:166,0
DA:167,0
DA:168,0
DA:172,0
DA:173,0
DA:174,0
DA:177,0
DA:179,0
DA:183,0
DA:185,0
DA:189,0
DA:228,0
DA:233,0
DA:264,0
DA:315,0
DA:325,0
DA:332,0
DA:333,0
LF:61
LH:0
BRDA:64,0,0,0
BRDA:64,0,1,0
BRDA:64,1,0,0
BRDA:64,1,1,0
BRDA:85,2,0,0
BRDA:85,2,1,0
BRDA:90,3,0,0
BRDA:90,3,1,0
BRDA:121,4,0,0
BRDA:121,4,1,0
BRDA:143,5,0,0
BRDA:143,5,1,0
BRDA:148,6,0,0
BRDA:148,6,1,0
BRDA:156,7,0,0
BRDA:156,7,1,0
BRDA:164,8,0,0
BRDA:164,8,1,0
BRDA:174,9,0,0
BRDA:174,9,1,0
BRDA:174,9,2,0
BRDA:174,9,3,0
BRDA:174,9,4,0
BRDA:174,9,5,0
BRDA:174,9,6,0
BRDA:221,10,0,0
BRDA:221,10,1,0
BRDA:248,11,0,0
BRDA:248,11,1,0
BRDA:260,12,0,0
BRDA:260,12,1,0
BRDA:267,13,0,0
BRDA:267,13,1,0
BRDA:269,14,0,0
BRDA:269,14,1,0
BRDA:278,15,0,0
BRDA:278,15,1,0
BRDA:283,16,0,0
BRDA:283,16,1,0
BRDA:286,17,0,0
BRDA:286,17,1,0
BRDA:291,18,0,0
BRDA:291,18,1,0
BRDA:301,19,0,0
BRDA:301,19,1,0
BRDA:308,20,0,0
BRDA:308,20,1,0
BRF:47
BRH:0
end_of_record
TN:
SF:src\components\UploadDashboard.tsx
FNF:0
FNH:0
LF:0
LH:0
BRF:0
BRH:0
end_of_record
TN:
SF:src\components\UploadProgressDisplay.tsx
FN:46,(anonymous_0)
FN:57,(anonymous_1)
FN:58,(anonymous_2)
FN:80,(anonymous_3)
FN:90,(anonymous_4)
FN:104,(anonymous_5)
FN:120,(anonymous_6)
FN:128,(anonymous_7)
FN:132,(anonymous_8)
FN:146,(anonymous_9)
FN:156,(anonymous_10)
FN:227,(anonymous_11)
FN:321,(anonymous_12)
FN:333,(anonymous_13)
FN:399,(anonymous_14)
FNF:15
FNH:0
FNDA:0,(anonymous_0)
FNDA:0,(anonymous_1)
FNDA:0,(anonymous_2)
FNDA:0,(anonymous_3)
FNDA:0,(anonymous_4)
FNDA:0,(anonymous_5)
FNDA:0,(anonymous_6)
FNDA:0,(anonymous_7)
FNDA:0,(anonymous_8)
FNDA:0,(anonymous_9)
FNDA:0,(anonymous_10)
FNDA:0,(anonymous_11)
FNDA:0,(anonymous_12)
FNDA:0,(anonymous_13)
FNDA:0,(anonymous_14)
DA:46,0
DA:53,0
DA:54,0
DA:55,0
DA:57,0
DA:58,0
DA:59,0
DA:60,0
DA:61,0
DA:63,0
DA:66,0
DA:67,0
DA:72,0
DA:75,0
DA:77,0
DA:80,0
DA:81,0
DA:82,0
DA:83,0
DA:85,0
DA:87,0
DA:90,0
DA:91,0
DA:93,0
DA:95,0
DA:97,0
DA:100,0
DA:104,0
DA:105,0
DA:107,0
DA:109,0
DA:111,0
DA:113,0
DA:116,0
DA:120,0
DA:121,0
DA:122,0
DA:123,0
DA:124,0
DA:125,0
DA:128,0
DA:129,0
DA:132,0
DA:133,0
DA:134,0
DA:135,0
DA:137,0
DA:138,0
DA:139,0
DA:140,0
DA:142,0
DA:146,0
DA:147,0
DA:148,0
DA:149,0
DA:150,0
DA:152,0
DA:156,0
DA:157,0
DA:162,0
DA:163,0
DA:170,0
DA:228,0
DA:229,0
DA:231,0
DA:321,0
DA:333,0
DA:400,0
LF:68
LH:0
BRDA:48,0,0,0
BRDA:49,1,0,0
BRDA:50,2,0,0
BRDA:59,3,0,0
BRDA:59,3,1,0
BRDA:61,4,0,0
BRDA:61,4,1,0
BRDA:66,5,0,0
BRDA:66,5,1,0
BRDA:82,6,0,0
BRDA:82,6,1,0
BRDA:91,7,0,0
BRDA:91,7,1,0
BRDA:91,7,2,0
BRDA:91,7,3,0
BRDA:91,7,4,0
BRDA:105,8,0,0
BRDA:105,8,1,0
BRDA:105,8,2,0
BRDA:105,8,3,0
BRDA:105,8,4,0
BRDA:105,8,5,0
BRDA:121,9,0,0
BRDA:121,9,1,0
BRDA:137,10,0,0
BRDA:137,10,1,0
BRDA:139,11,0,0
BRDA:139,11,1,0
BRDA:147,12,0,0
BRDA:147,12,1,0
BRDA:149,13,0,0
BRDA:149,13,1,0
BRDA:157,14,0,0
BRDA:157,14,1,0
BRDA:162,15,0,0
BRDA:162,15,1,0
BRDA:173,16,0,0
BRDA:173,16,1,0
BRDA:173,16,2,0
BRDA:173,16,3,0
BRDA:248,17,0,0
BRDA:248,17,1,0
BRDA:265,18,0,0
BRDA:265,18,1,0
BRDA:278,19,0,0
BRDA:278,19,1,0
BRDA:285,20,0,0
BRDA:285,20,1,0
BRDA:285,20,2,0
BRDA:292,21,0,0
BRDA:292,21,1,0
BRDA:292,21,2,0
BRDA:298,22,0,0
BRDA:298,22,1,0
BRDA:298,22,2,0
BRDA:306,23,0,0
BRDA:306,23,1,0
BRDA:317,24,0,0
BRDA:317,24,1,0
BRDA:317,24,2,0
BRDA:329,25,0,0
BRDA:329,25,1,0
BRDA:330,26,0,0
BRDA:330,26,1,0
BRDA:335,27,0,0
BRDA:335,27,1,0
BRDA:343,28,0,0
BRDA:343,28,1,0
BRDA:353,29,0,0
BRDA:353,29,1,0
BRDA:358,30,0,0
BRDA:358,30,1,0
BRDA:363,31,0,0
BRDA:363,31,1,0
BRDA:371,32,0,0
BRDA:371,32,1,0
BRDA:371,32,2,0
BRDA:379,33,0,0
BRDA:379,33,1,0
BRDA:384,34,0,0
BRDA:384,34,1,0
BRDA:393,35,0,0
BRDA:393,35,1,0
BRDA:393,35,2,0
BRDA:409,36,0,0
BRDA:409,36,1,0
BRF:86
BRH:0
end_of_record
TN:
SF:src\components\UploadQueueManager.tsx
FN:53,(anonymous_0)
FN:67,(anonymous_1)
FN:69,(anonymous_2)
FN:76,(anonymous_3)
FN:79,(anonymous_4)
FN:83,(anonymous_5)
FN:86,(anonymous_6)
FN:90,(anonymous_7)
FN:95,(anonymous_8)
FN:102,(anonymous_9)
FN:107,(anonymous_10)
FN:116,(anonymous_11)
FN:121,(anonymous_12)
FN:124,(anonymous_13)
FN:129,(anonymous_14)
FN:134,(anonymous_15)
FN:137,(anonymous_16)
FN:142,(anonymous_17)
FN:152,(anonymous_18)
FN:168,(anonymous_19)
FN:184,(anonymous_20)
FN:192,(anonymous_21)
FN:322,(anonymous_22)
FN:368,(anonymous_23)
FN:377,(anonymous_24)
FN:448,(anonymous_25)
FN:448,(anonymous_26)
FN:455,(anonymous_27)
FN:455,(anonymous_28)
FNF:29
FNH:0
FNDA:0,(anonymous_0)
FNDA:0,(anonymous_1)
FNDA:0,(anonymous_2)
FNDA:0,(anonymous_3)
FNDA:0,(anonymous_4)
FNDA:0,(anonymous_5)
FNDA:0,(anonymous_6)
FNDA:0,(anonymous_7)
FNDA:0,(anonymous_8)
FNDA:0,(anonymous_9)
FNDA:0,(anonymous_10)
FNDA:0,(anonymous_11)
FNDA:0,(anonymous_12)
FNDA:0,(anonymous_13)
FNDA:0,(anonymous_14)
FNDA:0,(anonymous_15)
FNDA:0,(anonymous_16)
FNDA:0,(anonymous_17)
FNDA:0,(anonymous_18)
FNDA:0,(anonymous_19)
FNDA:0,(anonymous_20)
FNDA:0,(anonymous_21)
FNDA:0,(anonymous_22)
FNDA:0,(anonymous_23)
FNDA:0,(anonymous_24)
FNDA:0,(anonymous_25)
FNDA:0,(anonymous_26)
FNDA:0,(anonymous_27)
FNDA:0,(anonymous_28)
DA:53,0
DA:59,0
DA:60,0
DA:61,0
DA:62,0
DA:69,0
DA:70,0
DA:71,0
DA:75,0
DA:76,0
DA:79,0
DA:80,0
DA:83,0
DA:84,0
DA:85,0
DA:86,0
DA:90,0
DA:91,0
DA:96,0
DA:97,0
DA:98,0
DA:100,0
DA:102,0
DA:107,0
DA:108,0
DA:109,0
DA:110,0
DA:112,0
DA:116,0
DA:117,0
DA:122,0
DA:123,0
DA:124,0
DA:129,0
DA:130,0
DA:135,0
DA:136,0
DA:137,0
DA:142,0
DA:143,0
DA:144,0
DA:145,0
DA:147,0
DA:149,0
DA:152,0
DA:153,0
DA:155,0
DA:157,0
DA:159,0
DA:161,0
DA:164,0
DA:168,0
DA:169,0
DA:171,0
DA:173,0
DA:175,0
DA:177,0
DA:180,0
DA:184,0
DA:185,0
DA:186,0
DA:187,0
DA:188,0
DA:189,0
DA:192,0
DA:193,0
DA:194,0
DA:195,0
DA:197,0
DA:198,0
DA:199,0
DA:200,0
DA:202,0
DA:206,0
DA:207,0
DA:214,0
DA:323,0
DA:368,0
DA:377,0
DA:448,0
DA:455,0
LF:81
LH:0
BRDA:55,0,0,0
BRDA:56,1,0,0
BRDA:57,2,0,0
BRDA:76,3,0,0
BRDA:76,3,1,0
BRDA:84,4,0,0
BRDA:84,4,1,0
BRDA:84,5,0,0
BRDA:84,5,1,0
BRDA:144,6,0,0
BRDA:144,6,1,0
BRDA:153,7,0,0
BRDA:153,7,1,0
BRDA:153,7,2,0
BRDA:153,7,3,0
BRDA:153,7,4,0
BRDA:153,7,5,0
BRDA:169,8,0,0
BRDA:169,8,1,0
BRDA:169,8,2,0
BRDA:169,8,3,0
BRDA:169,8,4,0
BRDA:169,8,5,0
BRDA:185,9,0,0
BRDA:185,9,1,0
BRDA:197,10,0,0
BRDA:197,10,1,0
BRDA:199,11,0,0
BRDA:199,11,1,0
BRDA:206,12,0,0
BRDA:206,12,1,0
BRDA:231,13,0,0
BRDA:231,13,1,0
BRDA:273,14,0,0
BRDA:273,14,1,0
BRDA:314,15,0,0
BRDA:314,15,1,0
BRDA:347,16,0,0
BRDA:347,16,1,0
BRDA:354,17,0,0
BRDA:354,17,1,0
BRDA:364,18,0,0
BRDA:364,18,1,0
BRDA:364,19,0,0
BRDA:364,19,1,0
BRDA:379,20,0,0
BRDA:379,20,1,0
BRDA:398,21,0,0
BRDA:398,21,1,0
BRDA:403,22,0,0
BRDA:403,22,1,0
BRDA:408,23,0,0
BRDA:408,23,1,0
BRDA:413,24,0,0
BRDA:413,24,1,0
BRDA:425,25,0,0
BRDA:425,25,1,0
BRDA:427,26,0,0
BRDA:427,26,1,0
BRDA:437,27,0,0
BRDA:437,27,1,0
BRF:61
BRH:0
end_of_record
TN:
SF:src\components\UploadQueueManagerDialog.tsx
FN:49,(anonymous_0)
FN:63,(anonymous_1)
FN:76,(anonymous_2)
FN:90,(anonymous_3)
FN:96,(anonymous_4)
FN:101,(anonymous_5)
FN:105,(anonymous_6)
FN:120,(anonymous_7)
FN:134,(anonymous_8)
FN:151,(anonymous_9)
FN:156,(anonymous_10)
FN:174,(anonymous_11)
FN:179,(anonymous_12)
FN:187,(anonymous_13)
FN:218,(anonymous_14)
FN:380,(anonymous_15)
FN:463,(anonymous_16)
FN:473,(anonymous_17)
FN:484,(anonymous_18)
FNF:19
FNH:0
FNDA:0,(anonymous_0)
FNDA:0,(anonymous_1)
FNDA:0,(anonymous_2)
FNDA:0,(anonymous_3)
FNDA:0,(anonymous_4)
FNDA:0,(anonymous_5)
FNDA:0,(anonymous_6)
FNDA:0,(anonymous_7)
FNDA:0,(anonymous_8)
FNDA:0,(anonymous_9)
FNDA:0,(anonymous_10)
FNDA:0,(anonymous_11)
FNDA:0,(anonymous_12)
FNDA:0,(anonymous_13)
FNDA:0,(anonymous_14)
FNDA:0,(anonymous_15)
FNDA:0,(anonymous_16)
FNDA:0,(anonymous_17)
FNDA:0,(anonymous_18)
DA:49,0
DA:50,0
DA:63,0
DA:69,0
DA:70,0
DA:71,0
DA:72,0
DA:73,0
DA:76,0
DA:77,0
DA:78,0
DA:79,0
DA:80,0
DA:82,0
DA:83,0
DA:84,0
DA:86,0
DA:90,0
DA:91,0
DA:92,0
DA:94,0
DA:95,0
DA:96,0
DA:101,0
DA:102,0
DA:105,0
DA:106,0
DA:108,0
DA:110,0
DA:111,0
DA:114,0
DA:116,0
DA:120,0
DA:121,0
DA:122,0
DA:124,0
DA:125,0
DA:128,0
DA:130,0
DA:134,0
DA:135,0
DA:136,0
DA:137,0
DA:138,0
DA:139,0
DA:140,0
DA:141,0
DA:142,0
DA:143,0
DA:144,0
DA:145,0
DA:147,0
DA:151,0
DA:152,0
DA:153,0
DA:155,0
DA:156,0
DA:157,0
DA:158,0
DA:159,0
DA:161,0
DA:162,0
DA:163,0
DA:165,0
DA:168,0
DA:171,0
DA:174,0
DA:175,0
DA:176,0
DA:179,0
DA:180,0
DA:181,0
DA:182,0
DA:183,0
DA:184,0
DA:187,0
DA:188,0
DA:189,0
DA:190,0
DA:192,0
DA:193,0
DA:194,0
DA:195,0
DA:198,0
DA:218,0
DA:381,0
DA:464,0
DA:465,0
DA:474,0
DA:475,0
DA:485,0
DA:486,0
LF:92
LH:0
BRDA:58,0,0,0
BRDA:58,0,1,0
BRDA:91,1,0,0
BRDA:91,1,1,0
BRDA:94,2,0,0
BRDA:94,2,1,0
BRDA:110,3,0,0
BRDA:110,3,1,0
BRDA:124,4,0,0
BRDA:124,4,1,0
BRDA:153,5,0,0
BRDA:153,5,1,0
BRDA:161,6,0,0
BRDA:161,6,1,0
BRDA:180,7,0,0
BRDA:180,7,1,0
BRDA:192,8,0,0
BRDA:192,8,1,0
BRDA:193,9,0,0
BRDA:193,9,1,0
BRDA:194,10,0,0
BRDA:194,10,1,0
BRDA:271,11,0,0
BRDA:271,11,1,0
BRDA:300,12,0,0
BRDA:300,12,1,0
BRDA:307,13,0,0
BRDA:307,13,1,0
BRDA:378,14,0,0
BRDA:378,14,1,0
BRDA:391,15,0,0
BRDA:391,15,1,0
BRDA:397,16,0,0
BRDA:397,16,1,0
BRDA:420,17,0,0
BRDA:420,17,1,0
BRDA:432,18,0,0
BRDA:432,18,1,0
BRF:38
BRH:0
end_of_record
TN:
SF:src\components\UploadQueueStatusDisplay.tsx
FN:59,(anonymous_0)
FN:76,(anonymous_1)
FN:94,(anonymous_2)
FN:99,(anonymous_3)
FN:104,(anonymous_4)
FN:110,(anonymous_5)
FN:124,(anonymous_6)
FN:131,(anonymous_7)
FN:139,(anonymous_8)
FN:150,(anonymous_9)
FN:164,(anonymous_10)
FN:182,(anonymous_11)
FN:191,(anonymous_12)
FN:377,(anonymous_13)
FN:389,(anonymous_14)
FN:393,(anonymous_15)
FN:404,(anonymous_16)
FN:481,(anonymous_17)
FN:493,(anonymous_18)
FN:504,(anonymous_19)
FN:531,(anonymous_20)
FN:544,(anonymous_21)
FNF:22
FNH:0
FNDA:0,(anonymous_0)
FNDA:0,(anonymous_1)
FNDA:0,(anonymous_2)
FNDA:0,(anonymous_3)
FNDA:0,(anonymous_4)
FNDA:0,(anonymous_5)
FNDA:0,(anonymous_6)
FNDA:0,(anonymous_7)
FNDA:0,(anonymous_8)
FNDA:0,(anonymous_9)
FNDA:0,(anonymous_10)
FNDA:0,(anonymous_11)
FNDA:0,(anonymous_12)
FNDA:0,(anonymous_13)
FNDA:0,(anonymous_14)
FNDA:0,(anonymous_15)
FNDA:0,(anonymous_16)
FNDA:0,(anonymous_17)
FNDA:0,(anonymous_18)
FNDA:0,(anonymous_19)
FNDA:0,(anonymous_20)
FNDA:0,(anonymous_21)
DA:59,0
DA:67,0
DA:68,0
DA:69,0
DA:70,0
DA:71,0
DA:72,0
DA:73,0
DA:76,0
DA:77,0
DA:78,0
DA:79,0
DA:80,0
DA:81,0
DA:83,0
DA:84,0
DA:85,0
DA:87,0
DA:89,0
DA:94,0
DA:95,0
DA:97,0
DA:98,0
DA:99,0
DA:104,0
DA:105,0
DA:106,0
DA:110,0
DA:111,0
DA:112,0
DA:113,0
DA:114,0
DA:115,0
DA:117,0
DA:119,0
DA:124,0
DA:125,0
DA:126,0
DA:127,0
DA:131,0
DA:132,0
DA:133,0
DA:134,0
DA:135,0
DA:139,0
DA:140,0
DA:141,0
DA:142,0
DA:144,0
DA:145,0
DA:150,0
DA:151,0
DA:152,0
DA:153,0
DA:154,0
DA:155,0
DA:157,0
DA:159,0
DA:164,0
DA:165,0
DA:167,0
DA:169,0
DA:171,0
DA:173,0
DA:175,0
DA:177,0
DA:182,0
DA:183,0
DA:184,0
DA:185,0
DA:186,0
DA:187,0
DA:191,0
DA:192,0
DA:193,0
DA:194,0
DA:195,0
DA:197,0
DA:198,0
DA:199,0
DA:200,0
DA:203,0
DA:204,0
DA:238,0
DA:377,0
DA:390,0
DA:393,0
DA:405,0
DA:407,0
DA:481,0
DA:493,0
DA:505,0
DA:506,0
DA:531,0
DA:544,0
LF:95
LH:0
BRDA:60,0,0,0
BRDA:61,1,0,0
BRDA:62,2,0,0
BRDA:63,3,0,0
BRDA:97,4,0,0
BRDA:97,4,1,0
BRDA:105,5,0,0
BRDA:105,5,1,0
BRDA:140,6,0,0
BRDA:140,6,1,0
BRDA:154,7,0,0
BRDA:154,7,1,0
BRDA:165,8,0,0
BRDA:165,8,1,0
BRDA:165,8,2,0
BRDA:165,8,3,0
BRDA:165,8,4,0
BRDA:165,8,5,0
BRDA:183,9,0,0
BRDA:183,9,1,0
BRDA:197,10,0,0
BRDA:197,10,1,0
BRDA:198,11,0,0
BRDA:198,11,1,0
BRDA:199,12,0,0
BRDA:199,12,1,0
BRDA:203,13,0,0
BRDA:203,13,1,0
BRDA:203,14,0,0
BRDA:203,14,1,0
BRDA:223,15,0,0
BRDA:223,15,1,0
BRDA:246,16,0,0
BRDA:246,16,1,0
BRDA:250,17,0,0
BRDA:250,17,1,0
BRDA:251,18,0,0
BRDA:251,18,1,0
BRDA:257,19,0,0
BRDA:257,19,1,0
BRDA:268,20,0,0
BRDA:268,20,1,0
BRDA:272,21,0,0
BRDA:272,21,1,0
BRDA:274,22,0,0
BRDA:274,22,1,0
BRDA:291,23,0,0
BRDA:291,23,1,0
BRDA:348,24,0,0
BRDA:348,24,1,0
BRDA:348,24,2,0
BRDA:350,25,0,0
BRDA:350,25,1,0
BRDA:362,26,0,0
BRDA:362,26,1,0
BRDA:373,27,0,0
BRDA:373,27,1,0
BRDA:392,28,0,0
BRDA:392,28,1,0
BRDA:394,29,0,0
BRDA:394,29,1,0
BRDA:395,30,0,0
BRDA:395,30,1,0
BRDA:402,31,0,0
BRDA:402,31,1,0
BRDA:439,32,0,0
BRDA:439,32,1,0
BRDA:440,33,0,0
BRDA:440,33,1,0
BRDA:442,34,0,0
BRDA:442,34,1,0
BRDA:450,35,0,0
BRDA:450,35,1,0
BRDA:450,35,2,0
BRDA:462,36,0,0
BRDA:462,36,1,0
BRDA:462,36,2,0
BRDA:477,37,0,0
BRDA:477,37,1,0
BRDA:477,37,2,0
BRDA:489,38,0,0
BRDA:489,38,1,0
BRDA:489,38,2,0
BRDA:516,39,0,0
BRDA:516,39,1,0
BRDA:523,40,0,0
BRDA:523,40,1,0
BRDA:537,41,0,0
BRDA:537,41,1,0
BRDA:537,41,2,0
BRF:90
BRH:0
end_of_record
TN:
SF:src\components\UploadReadinessIndicator.tsx
FN:54,(anonymous_0)
FN:66,(anonymous_1)
FN:85,(anonymous_2)
FN:91,(anonymous_3)
FN:97,(anonymous_4)
FN:105,(anonymous_5)
FN:120,(anonymous_6)
FN:135,(anonymous_7)
FN:225,(anonymous_8)
FN:249,(anonymous_9)
FN:289,(anonymous_10)
FN:293,(anonymous_11)
FN:293,(anonymous_12)
FN:310,(anonymous_13)
FN:334,(anonymous_14)
FN:335,(anonymous_15)
FN:345,(anonymous_16)
FN:392,(anonymous_17)
FNF:18
FNH:0
FNDA:0,(anonymous_0)
FNDA:0,(anonymous_1)
FNDA:0,(anonymous_2)
FNDA:0,(anonymous_3)
FNDA:0,(anonymous_4)
FNDA:0,(anonymous_5)
FNDA:0,(anonymous_6)
FNDA:0,(anonymous_7)
FNDA:0,(anonymous_8)
FNDA:0,(anonymous_9)
FNDA:0,(anonymous_10)
FNDA:0,(anonymous_11)
FNDA:0,(anonymous_12)
FNDA:0,(anonymous_13)
FNDA:0,(anonymous_14)
FNDA:0,(anonymous_15)
FNDA:0,(anonymous_16)
FNDA:0,(anonymous_17)
DA:54,0
DA:62,0
DA:63,0
DA:64,0
DA:66,0
DA:67,0
DA:69,0
DA:70,0
DA:71,0
DA:72,0
DA:73,0
DA:75,0
DA:76,0
DA:79,0
DA:81,0
DA:85,0
DA:86,0
DA:87,0
DA:91,0
DA:92,0
DA:93,0
DA:94,0
DA:97,0
DA:98,0
DA:99,0
DA:100,0
DA:101,0
DA:102,0
DA:105,0
DA:106,0
DA:108,0
DA:110,0
DA:112,0
DA:114,0
DA:116,0
DA:120,0
DA:121,0
DA:123,0
DA:125,0
DA:127,0
DA:129,0
DA:131,0
DA:135,0
DA:136,0
DA:137,0
DA:138,0
DA:141,0
DA:142,0
DA:150,0
DA:151,0
DA:168,0
DA:169,0
DA:188,0
DA:190,0
DA:226,0
DA:227,0
DA:249,0
DA:289,0
DA:293,0
DA:294,0
DA:311,0
DA:335,0
DA:336,0
DA:338,0
DA:346,0
DA:393,0
LF:66
LH:0
BRDA:59,0,0,0
BRDA:60,1,0,0
BRDA:67,2,0,0
BRDA:67,2,1,0
BRDA:67,3,0,0
BRDA:67,3,1,0
BRDA:75,4,0,0
BRDA:75,4,1,0
BRDA:86,5,0,0
BRDA:86,5,1,0
BRDA:86,6,0,0
BRDA:86,6,1,0
BRDA:86,6,2,0
BRDA:92,7,0,0
BRDA:92,7,1,0
BRDA:93,8,0,0
BRDA:93,8,1,0
BRDA:98,9,0,0
BRDA:98,9,1,0
BRDA:99,10,0,0
BRDA:99,10,1,0
BRDA:100,11,0,0
BRDA:100,11,1,0
BRDA:101,12,0,0
BRDA:101,12,1,0
BRDA:106,13,0,0
BRDA:106,13,1,0
BRDA:106,13,2,0
BRDA:106,13,3,0
BRDA:106,13,4,0
BRDA:121,14,0,0
BRDA:121,14,1,0
BRDA:121,14,2,0
BRDA:121,14,3,0
BRDA:121,14,4,0
BRDA:136,15,0,0
BRDA:136,15,1,0
BRDA:137,16,0,0
BRDA:137,16,1,0
BRDA:141,17,0,0
BRDA:141,17,1,0
BRDA:150,18,0,0
BRDA:150,18,1,0
BRDA:168,19,0,0
BRDA:168,19,1,0
BRDA:204,20,0,0
BRDA:204,20,1,0
BRDA:214,21,0,0
BRDA:214,21,1,0
BRDA:227,22,0,0
BRDA:227,22,1,0
BRDA:279,23,0,0
BRDA:279,23,1,0
BRDA:289,24,0,0
BRDA:289,24,1,0
BRDA:306,25,0,0
BRDA:306,25,1,0
BRDA:316,26,0,0
BRDA:316,26,1,0
BRDA:325,27,0,0
BRDA:325,27,1,0
BRDA:336,28,0,0
BRDA:336,28,1,0
BRDA:356,29,0,0
BRDA:356,29,1,0
BRDA:364,30,0,0
BRDA:364,30,1,0
BRDA:383,31,0,0
BRDA:383,31,1,0
BRDA:383,31,2,0
BRDA:407,32,0,0
BRDA:407,32,1,0
BRDA:410,33,0,0
BRDA:410,33,1,0
BRF:74
BRH:0
end_of_record
TN:
SF:src\components\UploadStatusDashboard.tsx
FN:55,(anonymous_0)
FN:64,(anonymous_1)
FN:101,(anonymous_2)
FN:116,(anonymous_3)
FN:121,(anonymous_4)
FN:125,(anonymous_5)
FN:133,(anonymous_6)
FN:137,(anonymous_7)
FN:150,(anonymous_8)
FN:436,(anonymous_9)
FNF:10
FNH:0
FNDA:0,(anonymous_0)
FNDA:0,(anonymous_1)
FNDA:0,(anonymous_2)
FNDA:0,(anonymous_3)
FNDA:0,(anonymous_4)
FNDA:0,(anonymous_5)
FNDA:0,(anonymous_6)
FNDA:0,(anonymous_7)
FNDA:0,(anonymous_8)
FNDA:0,(anonymous_9)
DA:55,0
DA:60,0
DA:61,0
DA:62,0
DA:64,0
DA:65,0
DA:67,0
DA:70,0
DA:73,0
DA:76,0
DA:78,0
DA:92,0
DA:93,0
DA:95,0
DA:97,0
DA:101,0
DA:103,0
DA:107,0
DA:108,0
DA:109,0
DA:110,0
DA:112,0
DA:116,0
DA:117,0
DA:119,0
DA:120,0
DA:121,0
DA:125,0
DA:126,0
DA:127,0
DA:128,0
DA:129,0
DA:130,0
DA:133,0
DA:134,0
DA:137,0
DA:138,0
DA:140,0
DA:142,0
DA:144,0
DA:146,0
DA:150,0
DA:151,0
DA:153,0
DA:155,0
DA:157,0
DA:159,0
DA:163,0
DA:164,0
DA:178,0
DA:179,0
DA:186,0
DA:187,0
DA:264,0
DA:437,0
LF:55
LH:0
BRDA:56,0,0,0
BRDA:57,1,0,0
BRDA:58,2,0,0
BRDA:85,3,0,0
BRDA:85,3,1,0
BRDA:103,4,0,0
BRDA:103,4,1,0
BRDA:107,5,0,0
BRDA:107,5,1,0
BRDA:107,6,0,0
BRDA:107,6,1,0
BRDA:109,7,0,0
BRDA:109,7,1,0
BRDA:109,8,0,0
BRDA:109,8,1,0
BRDA:119,9,0,0
BRDA:119,9,1,0
BRDA:119,10,0,0
BRDA:119,10,1,0
BRDA:126,11,0,0
BRDA:126,11,1,0
BRDA:138,12,0,0
BRDA:138,12,1,0
BRDA:138,12,2,0
BRDA:138,12,3,0
BRDA:151,13,0,0
BRDA:151,13,1,0
BRDA:151,13,2,0
BRDA:151,13,3,0
BRDA:163,14,0,0
BRDA:163,14,1,0
BRDA:178,15,0,0
BRDA:178,15,1,0
BRDA:186,16,0,0
BRDA:186,16,1,0
BRDA:255,17,0,0
BRDA:255,17,1,0
BRDA:255,18,0,0
BRDA:255,18,1,0
BRDA:348,19,0,0
BRDA:348,19,1,0
BRDA:430,20,0,0
BRDA:430,20,1,0
BRDA:443,21,0,0
BRDA:443,21,1,0
BRDA:456,22,0,0
BRDA:456,22,1,0
BRDA:467,23,0,0
BRDA:467,23,1,0
BRDA:469,24,0,0
BRDA:469,24,1,0
BRDA:476,25,0,0
BRDA:476,25,1,0
BRDA:485,26,0,0
BRDA:485,26,1,0
BRF:55
BRH:0
end_of_record
TN:
SF:src\components\Audit\AuditLogViewer.tsx
FN:69,(anonymous_0)
FN:79,(anonymous_1)
FN:109,(anonymous_2)
FN:113,(anonymous_3)
FN:114,(anonymous_4)
FN:117,(anonymous_5)
FN:121,(anonymous_6)
FN:126,(anonymous_7)
FN:131,(anonymous_8)
FN:141,(anonymous_9)
FN:153,(anonymous_10)
FN:164,(anonymous_11)
FN:167,(anonymous_12)
FN:179,(anonymous_13)
FN:188,(anonymous_14)
FN:233,(anonymous_15)
FN:250,(anonymous_16)
FN:269,(anonymous_17)
FN:279,(anonymous_18)
FN:290,(anonymous_19)
FN:302,(anonymous_20)
FN:373,(anonymous_21)
FN:426,(anonymous_22)
FN:456,(anonymous_23)
FN:541,(anonymous_24)
FNF:25
FNH:0
FNDA:0,(anonymous_0)
FNDA:0,(anonymous_1)
FNDA:0,(anonymous_2)
FNDA:0,(anonymous_3)
FNDA:0,(anonymous_4)
FNDA:0,(anonymous_5)
FNDA:0,(anonymous_6)
FNDA:0,(anonymous_7)
FNDA:0,(anonymous_8)
FNDA:0,(anonymous_9)
FNDA:0,(anonymous_10)
FNDA:0,(anonymous_11)
FNDA:0,(anonymous_12)
FNDA:0,(anonymous_13)
FNDA:0,(anonymous_14)
FNDA:0,(anonymous_15)
FNDA:0,(anonymous_16)
FNDA:0,(anonymous_17)
FNDA:0,(anonymous_18)
FNDA:0,(anonymous_19)
FNDA:0,(anonymous_20)
FNDA:0,(anonymous_21)
FNDA:0,(anonymous_22)
FNDA:0,(anonymous_23)
FNDA:0,(anonymous_24)
DA:69,0
DA:70,0
DA:71,0
DA:72,0
DA:73,0
DA:74,0
DA:75,0
DA:76,0
DA:79,0
DA:80,0
DA:81,0
DA:82,0
DA:84,0
DA:88,0
DA:89,0
DA:90,0
DA:91,0
DA:92,0
DA:93,0
DA:94,0
DA:96,0
DA:97,0
DA:98,0
DA:101,0
DA:102,0
DA:104,0
DA:109,0
DA:110,0
DA:113,0
DA:114,0
DA:117,0
DA:118,0
DA:121,0
DA:122,0
DA:123,0
DA:126,0
DA:127,0
DA:128,0
DA:131,0
DA:132,0
DA:134,0
DA:135,0
DA:137,0
DA:141,0
DA:142,0
DA:153,0
DA:164,0
DA:167,0
DA:168,0
DA:169,0
DA:170,0
DA:171,0
DA:172,0
DA:173,0
DA:174,0
DA:175,0
DA:176,0
DA:179,0
DA:180,0
DA:181,0
DA:182,0
DA:183,0
DA:184,0
DA:185,0
DA:188,0
DA:189,0
DA:192,0
DA:233,0
DA:250,0
DA:269,0
DA:279,0
DA:290,0
DA:302,0
DA:374,0
DA:426,0
DA:456,0
DA:541,0
LF:77
LH:0
BRDA:88,0,0,0
BRDA:88,0,1,0
BRDA:89,1,0,0
BRDA:89,1,1,0
BRDA:90,2,0,0
BRDA:90,2,1,0
BRDA:91,3,0,0
BRDA:91,3,1,0
BRDA:92,4,0,0
BRDA:92,4,1,0
BRDA:93,5,0,0
BRDA:93,5,1,0
BRDA:94,6,0,0
BRDA:94,6,1,0
BRDA:97,7,0,0
BRDA:97,7,1,0
BRDA:98,8,0,0
BRDA:98,8,1,0
BRDA:101,9,0,0
BRDA:101,9,1,0
BRDA:159,10,0,0
BRDA:159,10,1,0
BRDA:160,11,0,0
BRDA:160,11,1,0
BRDA:161,12,0,0
BRDA:161,12,1,0
BRDA:180,13,0,0
BRDA:180,13,1,0
BRDA:180,14,0,0
BRDA:180,14,1,0
BRDA:181,15,0,0
BRDA:181,15,1,0
BRDA:181,16,0,0
BRDA:181,16,1,0
BRDA:182,17,0,0
BRDA:182,17,1,0
BRDA:182,18,0,0
BRDA:182,18,1,0
BRDA:183,19,0,0
BRDA:183,19,1,0
BRDA:183,20,0,0
BRDA:183,20,1,0
BRDA:184,21,0,0
BRDA:184,21,1,0
BRDA:184,22,0,0
BRDA:184,22,1,0
BRDA:232,23,0,0
BRDA:232,23,1,0
BRDA:249,24,0,0
BRDA:249,24,1,0
BRDA:268,25,0,0
BRDA:268,25,1,0
BRDA:278,26,0,0
BRDA:278,26,1,0
BRDA:289,27,0,0
BRDA:289,27,1,0
BRDA:301,28,0,0
BRDA:301,28,1,0
BRDA:330,29,0,0
BRDA:330,29,1,0
BRDA:337,30,0,0
BRDA:337,30,1,0
BRDA:344,31,0,0
BRDA:344,31,1,0
BRDA:404,32,0,0
BRDA:404,32,1,0
BRDA:409,33,0,0
BRDA:409,33,1,0
BRDA:419,34,0,0
BRDA:419,34,1,0
BRDA:438,35,0,0
BRDA:438,35,1,0
BRDA:438,35,2,0
BRDA:464,36,0,0
BRDA:464,36,1,0
BRDA:496,37,0,0
BRDA:496,37,1,0
BRDA:501,38,0,0
BRDA:501,38,1,0
BRDA:510,39,0,0
BRDA:510,39,1,0
BRDA:515,40,0,0
BRDA:515,40,1,0
BRDA:524,41,0,0
BRDA:524,41,1,0
BRF:85
BRH:0
end_of_record
TN:
SF:src\components\Audit\ComplianceDashboard.tsx
FN:56,(anonymous_0)
FN:63,(anonymous_1)
FN:84,(anonymous_2)
FN:88,(anonymous_3)
FN:92,(anonymous_4)
FN:103,(anonymous_5)
FN:114,(anonymous_6)
FN:125,(anonymous_7)
FN:147,(anonymous_8)
FN:155,(anonymous_9)
FN:157,(anonymous_10)
FN:165,(anonymous_11)
FN:177,(anonymous_12)
FN:188,(anonymous_13)
FN:199,(anonymous_14)
FN:239,(anonymous_15)
FN:248,(anonymous_16)
FN:375,(anonymous_17)
FN:376,(anonymous_18)
FN:424,(anonymous_19)
FN:426,(anonymous_20)
FNF:21
FNH:0
FNDA:0,(anonymous_0)
FNDA:0,(anonymous_1)
FNDA:0,(anonymous_2)
FNDA:0,(anonymous_3)
FNDA:0,(anonymous_4)
FNDA:0,(anonymous_5)
FNDA:0,(anonymous_6)
FNDA:0,(anonymous_7)
FNDA:0,(anonymous_8)
FNDA:0,(anonymous_9)
FNDA:0,(anonymous_10)
FNDA:0,(anonymous_11)
FNDA:0,(anonymous_12)
FNDA:0,(anonymous_13)
FNDA:0,(anonymous_14)
FNDA:0,(anonymous_15)
FNDA:0,(anonymous_16)
FNDA:0,(anonymous_17)
FNDA:0,(anonymous_18)
FNDA:0,(anonymous_19)
FNDA:0,(anonymous_20)
DA:56,0
DA:57,0
DA:58,0
DA:59,0
DA:60,0
DA:61,0
DA:63,0
DA:64,0
DA:65,0
DA:66,0
DA:68,0
DA:73,0
DA:74,0
DA:77,0
DA:78,0
DA:80,0
DA:84,0
DA:85,0
DA:88,0
DA:89,0
DA:92,0
DA:93,0
DA:95,0
DA:96,0
DA:97,0
DA:99,0
DA:103,0
DA:104,0
DA:105,0
DA:106,0
DA:107,0
DA:108,0
DA:110,0
DA:114,0
DA:115,0
DA:116,0
DA:117,0
DA:118,0
DA:119,0
DA:121,0
DA:125,0
DA:126,0
DA:147,0
DA:148,0
DA:151,0
DA:152,0
DA:153,0
DA:155,0
DA:156,0
DA:157,0
DA:158,0
DA:162,0
DA:165,0
DA:166,0
DA:167,0
DA:168,0
DA:169,0
DA:170,0
DA:171,0
DA:172,0
DA:173,0
DA:174,0
DA:177,0
DA:178,0
DA:180,0
DA:182,0
DA:184,0
DA:188,0
DA:189,0
DA:191,0
DA:193,0
DA:195,0
DA:199,0
DA:200,0
DA:201,0
DA:202,0
DA:203,0
DA:204,0
DA:207,0
DA:239,0
DA:248,0
DA:375,0
DA:377,0
DA:378,0
DA:424,0
DA:427,0
DA:428,0
LF:87
LH:0
BRDA:77,0,0,0
BRDA:77,0,1,0
BRDA:93,1,0,0
BRDA:93,1,1,0
BRDA:104,2,0,0
BRDA:104,2,1,0
BRDA:107,3,0,0
BRDA:107,3,1,0
BRDA:115,4,0,0
BRDA:115,4,1,0
BRDA:118,5,0,0
BRDA:118,5,1,0
BRDA:178,6,0,0
BRDA:178,6,1,0
BRDA:178,6,2,0
BRDA:189,7,0,0
BRDA:189,7,1,0
BRDA:189,7,2,0
BRDA:200,8,0,0
BRDA:200,8,1,0
BRDA:204,9,0,0
BRDA:204,9,1,0
BRDA:238,10,0,0
BRDA:238,10,1,0
BRDA:247,11,0,0
BRDA:247,11,1,0
BRDA:264,12,0,0
BRDA:264,12,1,0
BRDA:271,13,0,0
BRDA:271,13,1,0
BRDA:278,14,0,0
BRDA:278,14,1,0
BRDA:278,14,2,0
BRDA:348,15,0,0
BRDA:348,15,1,0
BRDA:348,16,0,0
BRDA:348,16,1,0
BRDA:464,17,0,0
BRDA:464,17,1,0
BRDA:470,18,0,0
BRDA:470,18,1,0
BRDA:476,19,0,0
BRDA:476,19,1,0
BRDA:482,20,0,0
BRDA:482,20,1,0
BRF:45
BRH:0
end_of_record
TN:
SF:src\components\Billing\BillingPanel.tsx
FN:59,(anonymous_0)
FN:80,(anonymous_1)
FN:82,(anonymous_2)
FN:91,(anonymous_3)
FN:97,(anonymous_4)
FN:103,(anonymous_5)
FN:112,(anonymous_6)
FN:122,(anonymous_7)
FN:130,(anonymous_8)
FN:132,(anonymous_9)
FN:140,(anonymous_10)
FN:144,(anonymous_11)
FN:155,(anonymous_12)
FN:163,(anonymous_13)
FN:170,(anonymous_14)
FN:177,(anonymous_15)
FN:181,(anonymous_16)
FN:294,(anonymous_17)
FN:295,(anonymous_18)
FN:306,(anonymous_19)
FN:307,(anonymous_20)
FN:335,(anonymous_21)
FN:358,(anonymous_22)
FN:383,(anonymous_23)
FN:397,(anonymous_24)
FN:405,(anonymous_25)
FN:411,(anonymous_26)
FNF:27
FNH:0
FNDA:0,(anonymous_0)
FNDA:0,(anonymous_1)
FNDA:0,(anonymous_2)
FNDA:0,(anonymous_3)
FNDA:0,(anonymous_4)
FNDA:0,(anonymous_5)
FNDA:0,(anonymous_6)
FNDA:0,(anonymous_7)
FNDA:0,(anonymous_8)
FNDA:0,(anonymous_9)
FNDA:0,(anonymous_10)
FNDA:0,(anonymous_11)
FNDA:0,(anonymous_12)
FNDA:0,(anonymous_13)
FNDA:0,(anonymous_14)
FNDA:0,(anonymous_15)
FNDA:0,(anonymous_16)
FNDA:0,(anonymous_17)
FNDA:0,(anonymous_18)
FNDA:0,(anonymous_19)
FNDA:0,(anonymous_20)
FNDA:0,(anonymous_21)
FNDA:0,(anonymous_22)
FNDA:0,(anonymous_23)
FNDA:0,(anonymous_24)
FNDA:0,(anonymous_25)
FNDA:0,(anonymous_26)
DA:59,0
DA:65,0
DA:76,0
DA:77,0
DA:80,0
DA:81,0
DA:82,0
DA:91,0
DA:92,0
DA:93,0
DA:97,0
DA:98,0
DA:99,0
DA:102,0
DA:103,0
DA:105,0
DA:112,0
DA:118,0
DA:121,0
DA:122,0
DA:130,0
DA:131,0
DA:132,0
DA:136,0
DA:139,0
DA:140,0
DA:142,0
DA:144,0
DA:150,0
DA:151,0
DA:154,0
DA:155,0
DA:163,0
DA:164,0
DA:165,0
DA:166,0
DA:167,0
DA:170,0
DA:171,0
DA:172,0
DA:173,0
DA:174,0
DA:177,0
DA:178,0
DA:181,0
DA:182,0
DA:185,0
DA:295,0
DA:307,0
DA:336,0
DA:359,0
DA:383,0
DA:398,0
DA:405,0
DA:413,0
LF:55
LH:0
BRDA:81,0,0,0
BRDA:81,0,1,0
BRDA:84,1,0,0
BRDA:84,1,1,0
BRDA:85,2,0,0
BRDA:85,2,1,0
BRDA:92,3,0,0
BRDA:92,3,1,0
BRDA:92,4,0,0
BRDA:92,4,1,0
BRDA:92,4,2,0
BRDA:98,5,0,0
BRDA:98,5,1,0
BRDA:98,6,0,0
BRDA:98,6,1,0
BRDA:108,7,0,0
BRDA:108,7,1,0
BRDA:109,8,0,0
BRDA:109,8,1,0
BRDA:121,9,0,0
BRDA:121,9,1,0
BRDA:131,10,0,0
BRDA:131,10,1,0
BRDA:154,11,0,0
BRDA:154,11,1,0
BRDA:164,12,0,0
BRDA:164,12,1,0
BRDA:165,13,0,0
BRDA:165,13,1,0
BRDA:166,14,0,0
BRDA:166,14,1,0
BRDA:171,15,0,0
BRDA:171,15,1,0
BRDA:172,16,0,0
BRDA:172,16,1,0
BRDA:173,17,0,0
BRDA:173,17,1,0
BRDA:178,18,0,0
BRDA:178,18,1,0
BRDA:182,19,0,0
BRDA:182,19,1,0
BRDA:209,20,0,0
BRDA:209,20,1,0
BRDA:218,21,0,0
BRDA:218,21,1,0
BRDA:224,22,0,0
BRDA:224,22,1,0
BRDA:243,23,0,0
BRDA:243,23,1,0
BRDA:244,24,0,0
BRDA:244,24,1,0
BRDA:264,25,0,0
BRDA:264,25,1,0
BRDA:276,26,0,0
BRDA:276,26,1,0
BRDA:291,27,0,0
BRDA:291,27,1,0
BRDA:292,28,0,0
BRDA:292,28,1,0
BRDA:334,29,0,0
BRDA:334,29,1,0
BRDA:357,30,0,0
BRDA:357,30,1,0
BRDA:394,31,0,0
BRDA:394,31,1,0
BRF:65
BRH:0
end_of_record
TN:
SF:src\components\Billing\CodeSuggestionPanel.tsx
FN:48,(anonymous_0)
FN:63,(anonymous_1)
FN:84,(anonymous_2)
FN:85,(anonymous_3)
FN:110,(anonymous_4)
FN:114,(anonymous_5)
FN:120,(anonymous_6)
FN:121,(anonymous_7)
FN:124,(anonymous_8)
FN:130,(anonymous_9)
FN:136,(anonymous_10)
FN:140,(anonymous_11)
FN:145,(anonymous_12)
FN:150,(anonymous_13)
FN:155,(anonymous_14)
FN:160,(anonymous_15)
FN:163,(anonymous_16)
FN:187,(anonymous_17)
FN:213,(anonymous_18)
FN:217,(anonymous_19)
FN:235,(anonymous_20)
FN:238,(anonymous_21)
FN:248,(anonymous_22)
FN:262,(anonymous_23)
FN:266,(anonymous_24)
FN:282,(anonymous_25)
FN:285,(anonymous_26)
FN:322,(anonymous_27)
FN:339,(anonymous_28)
FN:369,debounce
FN:374,(anonymous_30)
FN:376,(anonymous_31)
FNF:32
FNH:0
FNDA:0,(anonymous_0)
FNDA:0,(anonymous_1)
FNDA:0,(anonymous_2)
FNDA:0,(anonymous_3)
FNDA:0,(anonymous_4)
FNDA:0,(anonymous_5)
FNDA:0,(anonymous_6)
FNDA:0,(anonymous_7)
FNDA:0,(anonymous_8)
FNDA:0,(anonymous_9)
FNDA:0,(anonymous_10)
FNDA:0,(anonymous_11)
FNDA:0,(anonymous_12)
FNDA:0,(anonymous_13)
FNDA:0,(anonymous_14)
FNDA:0,(anonymous_15)
FNDA:0,(anonymous_16)
FNDA:0,(anonymous_17)
FNDA:0,(anonymous_18)
FNDA:0,(anonymous_19)
FNDA:0,(anonymous_20)
FNDA:0,(anonymous_21)
FNDA:0,(anonymous_22)
FNDA:0,(anonymous_23)
FNDA:0,(anonymous_24)
FNDA:0,(anonymous_25)
FNDA:0,(anonymous_26)
FNDA:0,(anonymous_27)
FNDA:0,(anonymous_28)
FNDA:0,debounce
FNDA:0,(anonymous_30)
FNDA:0,(anonymous_31)
DA:48,0
DA:54,0
DA:55,0
DA:56,0
DA:57,0
DA:58,0
DA:59,0
DA:62,0
DA:64,0
DA:65,0
DA:66,0
DA:69,0
DA:70,0
DA:71,0
DA:72,0
DA:74,0
DA:75,0
DA:77,0
DA:84,0
DA:85,0
DA:86,0
DA:87,0
DA:88,0
DA:91,0
DA:92,0
DA:93,0
DA:95,0
DA:96,0
DA:98,0
DA:99,0
DA:100,0
DA:102,0
DA:106,0
DA:110,0
DA:111,0
DA:114,0
DA:115,0
DA:116,0
DA:120,0
DA:121,0
DA:124,0
DA:125,0
DA:126,0
DA:127,0
DA:130,0
DA:131,0
DA:132,0
DA:133,0
DA:136,0
DA:137,0
DA:140,0
DA:145,0
DA:150,0
DA:155,0
DA:160,0
DA:163,0
DA:164,0
DA:165,0
DA:166,0
DA:168,0
DA:170,0
DA:173,0
DA:175,0
DA:187,0
DA:214,0
DA:217,0
DA:236,0
DA:238,0
DA:248,0
DA:263,0
DA:266,0
DA:283,0
DA:285,0
DA:323,0
DA:339,0
DA:374,0
DA:375,0
DA:376,0
LF:78
LH:0
BRDA:64,0,0,0
BRDA:64,0,1,0
BRDA:72,1,0,0
BRDA:72,1,1,0
BRDA:86,2,0,0
BRDA:86,2,1,0
BRDA:86,3,0,0
BRDA:86,3,1,0
BRDA:96,4,0,0
BRDA:96,4,1,0
BRDA:98,5,0,0
BRDA:98,5,1,0
BRDA:115,6,0,0
BRDA:115,6,1,0
BRDA:125,7,0,0
BRDA:125,7,1,0
BRDA:126,8,0,0
BRDA:126,8,1,0
BRDA:131,9,0,0
BRDA:131,9,1,0
BRDA:132,10,0,0
BRDA:132,10,1,0
BRDA:155,11,0,0
BRDA:155,11,1,0
BRDA:155,11,2,0
BRDA:165,12,0,0
BRDA:165,12,1,0
BRDA:191,13,0,0
BRDA:191,13,1,0
BRDA:200,14,0,0
BRDA:200,14,1,0
BRDA:207,15,0,0
BRDA:207,15,1,0
BRDA:229,16,0,0
BRDA:229,16,1,0
BRDA:229,16,2,0
BRDA:238,17,0,0
BRDA:238,17,1,0
BRDA:238,17,2,0
BRDA:239,18,0,0
BRDA:239,18,1,0
BRDA:239,18,2,0
BRDA:242,19,0,0
BRDA:242,19,1,0
BRDA:248,20,0,0
BRDA:248,20,1,0
BRDA:248,20,2,0
BRDA:249,21,0,0
BRDA:249,21,1,0
BRDA:249,21,2,0
BRDA:271,22,0,0
BRDA:271,22,1,0
BRDA:272,23,0,0
BRDA:272,23,1,0
BRDA:273,24,0,0
BRDA:273,24,1,0
BRDA:285,25,0,0
BRDA:285,25,1,0
BRDA:285,25,2,0
BRDA:286,26,0,0
BRDA:286,26,1,0
BRDA:286,26,2,0
BRDA:292,27,0,0
BRDA:292,27,1,0
BRDA:300,28,0,0
BRDA:300,28,1,0
BRDA:315,29,0,0
BRDA:315,29,1,0
BRDA:320,30,0,0
BRDA:320,30,1,0
BRDA:320,30,2,0
BRDA:339,31,0,0
BRDA:339,31,1,0
BRDA:339,31,2,0
BRDA:340,32,0,0
BRDA:340,32,1,0
BRDA:340,32,2,0
BRDA:354,33,0,0
BRDA:354,33,1,0
BRDA:354,33,2,0
BRDA:354,33,3,0
BRDA:358,34,0,0
BRDA:358,34,1,0
BRF:83
BRH:0
end_of_record
TN:
SF:src\components\Billing\ReimbursementEstimator.tsx
FN:47,(anonymous_0)
FN:90,(anonymous_1)
FN:92,(anonymous_2)
FN:108,(anonymous_3)
FN:123,(anonymous_4)
FN:127,(anonymous_5)
FN:134,(anonymous_6)
FN:141,(anonymous_7)
FN:234,(anonymous_8)
FNF:9
FNH:0
FNDA:0,(anonymous_0)
FNDA:0,(anonymous_1)
FNDA:0,(anonymous_2)
FNDA:0,(anonymous_3)
FNDA:0,(anonymous_4)
FNDA:0,(anonymous_5)
FNDA:0,(anonymous_6)
FNDA:0,(anonymous_7)
FNDA:0,(anonymous_8)
DA:47,0
DA:52,0
DA:53,0
DA:60,0
DA:90,0
DA:91,0
DA:92,0
DA:93,0
DA:104,0
DA:107,0
DA:108,0
DA:116,0
DA:118,0
DA:119,0
DA:123,0
DA:124,0
DA:127,0
DA:128,0
DA:129,0
DA:130,0
DA:131,0
DA:134,0
DA:135,0
DA:136,0
DA:137,0
DA:138,0
DA:141,0
DA:142,0
DA:143,0
DA:146,0
DA:235,0
LF:31
LH:0
BRDA:91,0,0,0
BRDA:91,0,1,0
BRDA:93,1,0,0
BRDA:93,1,1,0
BRDA:124,2,0,0
BRDA:124,2,1,0
BRDA:129,3,0,0
BRDA:129,3,1,0
BRDA:130,4,0,0
BRDA:130,4,1,0
BRDA:136,5,0,0
BRDA:136,5,1,0
BRDA:137,6,0,0
BRDA:137,6,1,0
BRDA:190,7,0,0
BRDA:190,7,1,0
BRDA:198,8,0,0
BRDA:198,8,1,0
BRDA:216,9,0,0
BRDA:216,9,1,0
BRDA:270,10,0,0
BRDA:270,10,1,0
BRDA:280,11,0,0
BRDA:280,11,1,0
BRDA:280,11,2,0
BRDA:290,12,0,0
BRDA:290,12,1,0
BRDA:290,12,2,0
BRF:28
BRH:0
end_of_record
TN:
SF:src\components\Billing\SuperbillGenerator.tsx
FN:36,(anonymous_0)
FN:42,(anonymous_1)
FN:49,(anonymous_2)
FN:79,(anonymous_3)
FN:87,(anonymous_4)
FN:96,(anonymous_5)
FN:111,(anonymous_6)
FN:197,(anonymous_7)
FN:222,(anonymous_8)
FN:263,(anonymous_9)
FNF:10
FNH:0
FNDA:0,(anonymous_0)
FNDA:0,(anonymous_1)
FNDA:0,(anonymous_2)
FNDA:0,(anonymous_3)
FNDA:0,(anonymous_4)
FNDA:0,(anonymous_5)
FNDA:0,(anonymous_6)
FNDA:0,(anonymous_7)
FNDA:0,(anonymous_8)
FNDA:0,(anonymous_9)
DA:36,0
DA:40,0
DA:42,0
DA:43,0
DA:49,0
DA:50,0
DA:51,0
DA:52,0
DA:53,0
DA:54,0
DA:56,0
DA:60,0
DA:79,0
DA:87,0
DA:96,0
DA:112,0
DA:198,0
DA:223,0
DA:264,0
LF:19
LH:0
BRDA:50,0,0,0
BRDA:50,0,1,0
BRDA:53,1,0,0
BRDA:53,1,1,0
BRDA:70,2,0,0
BRDA:70,2,1,0
BRDA:71,3,0,0
BRDA:71,3,1,0
BRDA:73,4,0,0
BRDA:73,4,1,0
BRDA:105,5,0,0
BRDA:105,5,1,0
BRDA:105,5,2,0
BRDA:135,6,0,0
BRDA:135,6,1,0
BRDA:168,7,0,0
BRDA:168,7,1,0
BRDA:170,8,0,0
BRDA:170,8,1,0
BRDA:220,9,0,0
BRDA:220,9,1,0
BRDA:220,10,0,0
BRDA:220,10,1,0
BRDA:276,11,0,0
BRDA:276,11,1,0
BRDA:327,12,0,0
BRDA:327,12,1,0
BRDA:328,13,0,0
BRDA:328,13,1,0
BRDA:333,14,0,0
BRDA:333,14,1,0
BRDA:354,15,0,0
BRDA:354,15,1,0
BRF:33
BRH:0
end_of_record
TN:
SF:src\components\Billing\ValidationResultPanel.tsx
FN:40,(anonymous_0)
FN:46,(anonymous_1)
FN:53,(anonymous_2)
FN:67,(anonymous_3)
FN:74,(anonymous_4)
FN:83,(anonymous_5)
FN:91,(anonymous_6)
FN:181,(anonymous_7)
FN:210,(anonymous_8)
FN:239,(anonymous_9)
FNF:10
FNH:0
FNDA:0,(anonymous_0)
FNDA:0,(anonymous_1)
FNDA:0,(anonymous_2)
FNDA:0,(anonymous_3)
FNDA:0,(anonymous_4)
FNDA:0,(anonymous_5)
FNDA:0,(anonymous_6)
FNDA:0,(anonymous_7)
FNDA:0,(anonymous_8)
FNDA:0,(anonymous_9)
DA:40,0
DA:46,0
DA:47,0
DA:48,0
DA:49,0
DA:50,0
DA:53,0
DA:54,0
DA:55,0
DA:57,0
DA:59,0
DA:61,0
DA:63,0
DA:67,0
DA:68,0
DA:69,0
DA:70,0
DA:71,0
DA:74,0
DA:75,0
DA:76,0
DA:77,0
DA:78,0
DA:79,0
DA:80,0
DA:83,0
DA:84,0
DA:85,0
DA:86,0
DA:87,0
DA:88,0
DA:91,0
DA:92,0
DA:93,0
DA:94,0
DA:95,0
DA:96,0
DA:99,0
DA:182,0
DA:211,0
DA:240,0
LF:41
LH:0
BRDA:47,0,0,0
BRDA:47,0,1,0
BRDA:48,1,0,0
BRDA:48,1,1,0
BRDA:48,2,0,0
BRDA:48,2,1,0
BRDA:49,3,0,0
BRDA:49,3,1,0
BRDA:49,4,0,0
BRDA:49,4,1,0
BRDA:55,5,0,0
BRDA:55,5,1,0
BRDA:55,5,2,0
BRDA:55,5,3,0
BRDA:68,6,0,0
BRDA:68,6,1,0
BRDA:69,7,0,0
BRDA:69,7,1,0
BRDA:69,8,0,0
BRDA:69,8,1,0
BRDA:70,9,0,0
BRDA:70,9,1,0
BRDA:70,10,0,0
BRDA:70,10,1,0
BRDA:75,11,0,0
BRDA:75,11,1,0
BRDA:77,12,0,0
BRDA:77,12,1,0
BRDA:78,13,0,0
BRDA:78,13,1,0
BRDA:79,14,0,0
BRDA:79,14,1,0
BRDA:84,15,0,0
BRDA:84,15,1,0
BRDA:86,16,0,0
BRDA:86,16,1,0
BRDA:87,17,0,0
BRDA:87,17,1,0
BRDA:92,18,0,0
BRDA:92,18,1,0
BRDA:94,19,0,0
BRDA:94,19,1,0
BRDA:95,20,0,0
BRDA:95,20,1,0
BRDA:115,21,0,0
BRDA:115,21,1,0
BRDA:135,22,0,0
BRDA:135,22,1,0
BRDA:148,23,0,0
BRDA:148,23,1,0
BRDA:159,24,0,0
BRDA:159,24,1,0
BRDA:166,25,0,0
BRDA:166,25,1,0
BRDA:169,26,0,0
BRDA:169,26,1,0
BRDA:198,27,0,0
BRDA:198,27,1,0
BRDA:227,28,0,0
BRDA:227,28,1,0
BRDA:256,29,0,0
BRDA:256,29,1,0
BRDA:292,30,0,0
BRDA:292,30,1,0
BRDA:296,31,0,0
BRDA:296,31,1,0
BRDA:306,32,0,0
BRDA:306,32,1,0
BRDA:306,32,2,0
BRDA:306,32,3,0
BRDA:306,32,4,0
BRF:71
BRH:0
end_of_record
TN:
SF:src\components\Common\AnimatedButton.tsx
FN:63,(anonymous_0)
FN:81,(anonymous_1)
FN:91,(anonymous_2)
FN:94,(anonymous_3)
FN:95,(anonymous_4)
FN:95,(anonymous_5)
FN:101,(anonymous_6)
FN:108,(anonymous_7)
FN:157,(anonymous_8)
FN:184,(anonymous_9)
FN:231,(anonymous_10)
FNF:11
FNH:0
FNDA:0,(anonymous_0)
FNDA:0,(anonymous_1)
FNDA:0,(anonymous_2)
FNDA:0,(anonymous_3)
FNDA:0,(anonymous_4)
FNDA:0,(anonymous_5)
FNDA:0,(anonymous_6)
FNDA:0,(anonymous_7)
FNDA:0,(anonymous_8)
FNDA:0,(anonymous_9)
FNDA:0,(anonymous_10)
DA:15,0
DA:27,0
DA:40,0
DA:63,0
DA:77,0
DA:78,0
DA:79,0
DA:81,0
DA:82,0
DA:85,0
DA:86,0
DA:87,0
DA:88,0
DA:89,0
DA:91,0
DA:94,0
DA:95,0
DA:100,0
DA:101,0
DA:103,0
DA:104,0
DA:108,0
DA:109,0
DA:111,0
DA:113,0
DA:124,0
DA:135,0
DA:146,0
DA:157,0
DA:158,0
DA:159,0
DA:164,0
DA:165,0
DA:173,0
DA:174,0
DA:181,0
DA:184,0
DA:185,0
DA:187,0
DA:212,0
DA:232,0
LF:41
LH:0
BRDA:65,0,0,0
BRDA:66,1,0,0
BRDA:67,2,0,0
BRDA:68,3,0,0
BRDA:69,4,0,0
BRDA:70,5,0,0
BRDA:71,6,0,0
BRDA:82,7,0,0
BRDA:82,7,1,0
BRDA:82,8,0,0
BRDA:82,8,1,0
BRDA:85,9,0,0
BRDA:85,9,1,0
BRDA:103,10,0,0
BRDA:103,10,1,0
BRDA:111,11,0,0
BRDA:111,11,1,0
BRDA:111,11,2,0
BRDA:111,11,3,0
BRDA:148,12,0,0
BRDA:148,12,1,0
BRDA:158,13,0,0
BRDA:158,13,1,0
BRDA:164,14,0,0
BRDA:164,14,1,0
BRDA:173,15,0,0
BRDA:173,15,1,0
BRDA:185,16,0,0
BRDA:185,16,1,0
BRDA:215,17,0,0
BRDA:215,17,1,0
BRDA:231,18,0,0
BRDA:231,18,1,0
BRDA:256,19,0,0
BRDA:256,19,1,0
BRDA:259,20,0,0
BRDA:259,20,1,0
BRF:37
BRH:0
end_of_record
TN:
SF:src\components\Common\AnimatedCard.tsx
FN:53,(anonymous_0)
FN:68,(anonymous_1)
FN:74,(anonymous_2)
FN:80,(anonymous_3)
FN:89,(anonymous_4)
FN:170,(anonymous_5)
FN:182,(anonymous_6)
FNF:7
FNH:0
FNDA:0,(anonymous_0)
FNDA:0,(anonymous_1)
FNDA:0,(anonymous_2)
FNDA:0,(anonymous_3)
FNDA:0,(anonymous_4)
FNDA:0,(anonymous_5)
FNDA:0,(anonymous_6)
DA:14,0
DA:24,0
DA:34,0
DA:53,0
DA:64,0
DA:65,0
DA:66,0
DA:68,0
DA:69,0
DA:70,0
DA:74,0
DA:75,0
DA:76,0
DA:80,0
DA:81,0
DA:82,0
DA:83,0
DA:84,0
DA:85,0
DA:89,0
DA:90,0
DA:91,0
DA:93,0
DA:95,0
DA:104,0
DA:113,0
DA:122,0
DA:123,0
DA:124,0
DA:126,0
DA:136,0
DA:145,0
DA:164,0
DA:170,0
DA:171,0
DA:173,0
DA:182,0
DA:183,0
DA:185,0
DA:204,0
LF:40
LH:0
BRDA:55,0,0,0
BRDA:57,1,0,0
BRDA:58,2,0,0
BRDA:59,3,0,0
BRDA:60,4,0,0
BRDA:69,5,0,0
BRDA:69,5,1,0
BRDA:75,6,0,0
BRDA:75,6,1,0
BRDA:81,7,0,0
BRDA:81,7,1,0
BRDA:81,8,0,0
BRDA:81,8,1,0
BRDA:91,9,0,0
BRDA:91,9,1,0
BRDA:93,10,0,0
BRDA:93,10,1,0
BRDA:93,10,2,0
BRDA:93,10,3,0
BRDA:93,10,4,0
BRDA:93,10,5,0
BRDA:93,10,6,0
BRDA:123,11,0,0
BRDA:123,11,1,0
BRDA:124,12,0,0
BRDA:124,12,1,0
BRDA:137,13,0,0
BRDA:137,13,1,0
BRDA:171,14,0,0
BRDA:171,14,1,0
BRDA:174,15,0,0
BRDA:174,15,1,0
BRDA:183,16,0,0
BRDA:183,16,1,0
BRDA:198,17,0,0
BRDA:198,17,1,0
BRDA:212,18,0,0
BRDA:212,18,1,0
BRF:38
BRH:0
end_of_record
TN:
SF:src\components\Common\LoadingScreen.tsx
FN:8,(anonymous_0)
FNF:1
FNH:0
FNDA:0,(anonymous_0)
DA:8,0
DA:11,0
LF:2
LH:0
BRDA:9,0,0,0
BRF:1
BRH:0
end_of_record
TN:
SF:src\components\Common\LoadingSpinner.tsx
FN:46,(anonymous_0)
FN:80,(anonymous_1)
FN:136,(anonymous_2)
FN:139,(anonymous_3)
FN:157,(anonymous_4)
FN:167,(anonymous_5)
FNF:6
FNH:0
FNDA:0,(anonymous_0)
FNDA:0,(anonymous_1)
FNDA:0,(anonymous_2)
FNDA:0,(anonymous_3)
FNDA:0,(anonymous_4)
FNDA:0,(anonymous_5)
DA:13,0
DA:29,0
DA:46,0
DA:53,0
DA:55,0
DA:61,0
DA:80,0
DA:81,0
DA:136,0
DA:137,0
DA:140,0
DA:157,0
DA:158,0
DA:168,0
DA:197,0
DA:199,0
DA:201,0
DA:203,0
LF:18
LH:0
BRDA:47,0,0,0
BRDA:48,1,0,0
BRDA:49,2,0,0
BRDA:50,3,0,0
BRDA:51,4,0,0
BRDA:61,5,0,0
BRDA:61,5,1,0
BRDA:119,6,0,0
BRDA:119,6,1,0
BRDA:121,7,0,0
BRDA:121,7,1,0
BRDA:143,8,0,0
BRDA:143,8,1,0
BRDA:143,9,0,0
BRDA:143,9,1,0
BRDA:171,10,0,0
BRDA:171,10,1,0
BRDA:171,11,0,0
BRDA:171,11,1,0
BRDA:172,12,0,0
BRDA:172,12,1,0
BRDA:172,13,0,0
BRDA:172,13,1,0
BRDA:181,14,0,0
BRDA:181,14,1,0
BRDA:183,15,0,0
BRDA:183,15,1,0
BRDA:197,16,0,0
BRDA:197,16,1,0
BRDA:197,16,2,0
BRF:30
BRH:0
end_of_record
TN:
SF:src\components\Common\NotificationSystem.tsx
FN:43,NotificationSystem
FN:56,(anonymous_1)
FN:57,(anonymous_2)
FN:70,(anonymous_3)
FN:77,(anonymous_4)
FN:78,(anonymous_5)
FN:94,(anonymous_6)
FN:95,(anonymous_7)
FN:104,(anonymous_8)
FN:105,(anonymous_9)
FN:118,(anonymous_10)
FN:119,(anonymous_11)
FN:124,(anonymous_12)
FN:124,(anonymous_13)
FN:132,(anonymous_14)
FN:133,(anonymous_15)
FN:151,(anonymous_16)
FN:152,(anonymous_17)
FN:161,(anonymous_18)
FN:162,(anonymous_19)
FN:179,(anonymous_20)
FN:180,(anonymous_21)
FN:189,(anonymous_22)
FN:190,(anonymous_23)
FN:191,(anonymous_24)
FN:192,(anonymous_25)
FN:200,(anonymous_26)
FN:203,(anonymous_27)
FN:204,(anonymous_28)
FN:204,(anonymous_29)
FN:207,(anonymous_30)
FN:245,(anonymous_31)
FN:258,(anonymous_32)
FNF:33
FNH:0
FNDA:0,NotificationSystem
FNDA:0,(anonymous_1)
FNDA:0,(anonymous_2)
FNDA:0,(anonymous_3)
FNDA:0,(anonymous_4)
FNDA:0,(anonymous_5)
FNDA:0,(anonymous_6)
FNDA:0,(anonymous_7)
FNDA:0,(anonymous_8)
FNDA:0,(anonymous_9)
FNDA:0,(anonymous_10)
FNDA:0,(anonymous_11)
FNDA:0,(anonymous_12)
FNDA:0,(anonymous_13)
FNDA:0,(anonymous_14)
FNDA:0,(anonymous_15)
FNDA:0,(anonymous_16)
FNDA:0,(anonymous_17)
FNDA:0,(anonymous_18)
FNDA:0,(anonymous_19)
FNDA:0,(anonymous_20)
FNDA:0,(anonymous_21)
FNDA:0,(anonymous_22)
FNDA:0,(anonymous_23)
FNDA:0,(anonymous_24)
FNDA:0,(anonymous_25)
FNDA:0,(anonymous_26)
FNDA:0,(anonymous_27)
FNDA:0,(anonymous_28)
FNDA:0,(anonymous_29)
FNDA:0,(anonymous_30)
FNDA:0,(anonymous_31)
FNDA:0,(anonymous_32)
DA:44,0
DA:53,0
DA:56,0
DA:57,0
DA:58,0
DA:70,0
DA:73,0
DA:77,0
DA:78,0
DA:79,0
DA:94,0
DA:95,0
DA:96,0
DA:100,0
DA:104,0
DA:105,0
DA:106,0
DA:107,0
DA:118,0
DA:119,0
DA:120,0
DA:124,0
DA:128,0
DA:132,0
DA:133,0
DA:134,0
DA:151,0
DA:152,0
DA:153,0
DA:157,0
DA:161,0
DA:162,0
DA:163,0
DA:179,0
DA:180,0
DA:181,0
DA:185,0
DA:189,0
DA:190,0
DA:191,0
DA:192,0
DA:193,0
DA:194,0
DA:195,0
DA:200,0
DA:203,0
DA:204,0
DA:207,0
DA:208,0
DA:209,0
DA:210,0
DA:211,0
DA:212,0
DA:213,0
DA:217,0
DA:246,0
DA:258,0
LF:57
LH:0
BRDA:64,0,0,0
BRDA:64,0,1,0
BRDA:65,1,0,0
BRDA:65,1,1,0
BRDA:82,2,0,0
BRDA:82,2,1,0
BRDA:83,3,0,0
BRDA:83,3,1,0
BRDA:85,4,0,0
BRDA:85,4,1,0
BRDA:89,5,0,0
BRDA:89,5,1,0
BRDA:90,6,0,0
BRDA:90,6,1,0
BRDA:106,7,0,0
BRDA:106,7,1,0
BRDA:137,8,0,0
BRDA:137,8,1,0
BRDA:138,9,0,0
BRDA:138,9,1,0
BRDA:140,10,0,0
BRDA:140,10,1,0
BRDA:141,11,0,0
BRDA:141,11,1,0
BRDA:142,12,0,0
BRDA:142,12,1,0
BRDA:146,13,0,0
BRDA:146,13,1,0
BRDA:166,14,0,0
BRDA:166,14,1,0
BRDA:167,15,0,0
BRDA:167,15,1,0
BRDA:169,16,0,0
BRDA:169,16,1,0
BRDA:171,17,0,0
BRDA:171,17,1,0
BRDA:175,18,0,0
BRDA:175,18,1,0
BRDA:193,19,0,0
BRDA:193,19,1,0
BRDA:195,20,0,0
BRDA:195,20,1,0
BRDA:208,21,0,0
BRDA:208,21,1,0
BRDA:208,21,2,0
BRDA:208,21,3,0
BRDA:208,21,4,0
BRDA:229,22,0,0
BRDA:229,22,1,0
BRDA:236,23,0,0
BRDA:236,23,1,0
BRDA:236,23,2,0
BRDA:271,24,0,0
BRDA:271,24,1,0
BRDA:284,25,0,0
BRDA:284,25,1,0
BRF:56
BRH:0
end_of_record
TN:
SF:src\components\Common\StateManagementPanel.tsx
FN:36,(anonymous_0)
FN:79,(anonymous_1)
FN:90,(anonymous_2)
FN:107,(anonymous_3)
FN:118,(anonymous_4)
FN:132,(anonymous_5)
FN:142,(anonymous_6)
FN:169,(anonymous_7)
FN:179,(anonymous_8)
FN:180,(anonymous_9)
FN:186,(anonymous_10)
FN:216,(anonymous_11)
FN:286,(anonymous_12)
FN:317,(anonymous_13)
FN:335,(anonymous_14)
FN:349,(anonymous_15)
FN:361,(anonymous_16)
FN:404,(anonymous_17)
FN:421,(anonymous_18)
FN:432,(anonymous_19)
FN:448,(anonymous_20)
FN:467,(anonymous_21)
FN:470,(anonymous_22)
FN:479,(anonymous_23)
FN:490,(anonymous_24)
FN:499,(anonymous_25)
FN:515,(anonymous_26)
FN:555,(anonymous_27)
FN:582,(anonymous_28)
FN:599,(anonymous_29)
FN:618,(anonymous_30)
FNF:31
FNH:0
FNDA:0,(anonymous_0)
FNDA:0,(anonymous_1)
FNDA:0,(anonymous_2)
FNDA:0,(anonymous_3)
FNDA:0,(anonymous_4)
FNDA:0,(anonymous_5)
FNDA:0,(anonymous_6)
FNDA:0,(anonymous_7)
FNDA:0,(anonymous_8)
FNDA:0,(anonymous_9)
FNDA:0,(anonymous_10)
FNDA:0,(anonymous_11)
FNDA:0,(anonymous_12)
FNDA:0,(anonymous_13)
FNDA:0,(anonymous_14)
FNDA:0,(anonymous_15)
FNDA:0,(anonymous_16)
FNDA:0,(anonymous_17)
FNDA:0,(anonymous_18)
FNDA:0,(anonymous_19)
FNDA:0,(anonymous_20)
FNDA:0,(anonymous_21)
FNDA:0,(anonymous_22)
FNDA:0,(anonymous_23)
FNDA:0,(anonymous_24)
FNDA:0,(anonymous_25)
FNDA:0,(anonymous_26)
FNDA:0,(anonymous_27)
FNDA:0,(anonymous_28)
FNDA:0,(anonymous_29)
FNDA:0,(anonymous_30)
DA:36,0
DA:45,0
DA:52,0
DA:59,0
DA:62,0
DA:63,0
DA:64,0
DA:65,0
DA:66,0
DA:67,0
DA:68,0
DA:69,0
DA:70,0
DA:71,0
DA:72,0
DA:73,0
DA:74,0
DA:76,0
DA:79,0
DA:80,0
DA:81,0
DA:82,0
DA:83,0
DA:85,0
DA:90,0
DA:91,0
DA:92,0
DA:93,0
DA:94,0
DA:95,0
DA:96,0
DA:97,0
DA:99,0
DA:102,0
DA:107,0
DA:108,0
DA:109,0
DA:110,0
DA:111,0
DA:113,0
DA:118,0
DA:119,0
DA:120,0
DA:121,0
DA:122,0
DA:124,0
DA:127,0
DA:132,0
DA:133,0
DA:134,0
DA:136,0
DA:137,0
DA:138,0
DA:142,0
DA:143,0
DA:145,0
DA:146,0
DA:147,0
DA:154,0
DA:156,0
DA:157,0
DA:159,0
DA:162,0
DA:164,0
DA:169,0
[...]
DA:865,0
DA:866,0
DA:869,0
DA:870,0
DA:871,0
DA:872,0
DA:873,0
DA:874,0
DA:875,0
DA:876,0
DA:877,0
DA:878,0
DA:879,0
DA:880,0
DA:881,0
DA:882,0
DA:883,0
DA:884,0
DA:885,0
DA:886,0
DA:887,0
DA:890,0
DA:891,0
DA:892,0
DA:894,0
DA:895,0
DA:897,0
DA:898,0
DA:899,0
DA:902,0
DA:907,0
DA:912,0
DA:913,0
DA:914,0
DA:915,0
DA:916,0
DA:917,0
DA:918,0
DA:919,0
DA:920,0
DA:921,0
DA:922,0
DA:923,0
DA:924,0
DA:925,0
DA:926,0
DA:929,0
DA:930,0
DA:931,0
DA:932,0
DA:934,0
DA:937,0
DA:940,0
DA:941,0
DA:942,0
DA:945,0
DA:946,0
DA:954,0
DA:956,0
DA:958,0
DA:959,0
DA:961,0
DA:962,0
DA:965,0
DA:966,0
DA:973,0
DA:975,0
DA:976,0
DA:977,0
DA:980,0
DA:987,0
DA:994,0
DA:997,0
DA:998,0
DA:999,0
DA:1002,0
DA:1009,0
DA:1010,0
DA:1011,0
DA:1019,0
DA:1026,0
DA:1029,0
DA:1030,0
DA:1032,0
DA:1033,0
DA:1034,0
DA:1036,0
DA:1037,0
DA:1038,0
DA:1040,0
DA:1041,0
DA:1042,0
DA:1044,0
DA:1045,0
DA:1046,0
DA:1055,0
DA:1062,0
DA:1063,0
DA:1064,0
DA:1071,0
DA:1073,0
DA:1075,0
DA:1076,0
DA:1077,0
DA:1080,0
DA:1081,0
DA:1082,0
DA:1086,0
DA:1087,0
DA:1088,0
DA:1091,0
DA:1092,0
DA:1093,0
DA:1097,0
DA:1098,0
DA:1099,0
DA:1103,0
DA:1104,0
LF:381
LH:0
BRDA:166,0,0,0
BRDA:166,0,1,0
BRDA:167,1,0,0
BRDA:167,1,1,0
BRDA:168,2,0,0
BRDA:168,2,1,0
BRDA:169,3,0,0
BRDA:169,3,1,0
BRDA:170,4,0,0
BRDA:170,4,1,0
BRDA:212,5,0,0
BRDA:212,5,1,0
BRDA:223,6,0,0
BRDA:223,6,1,0
BRDA:232,7,0,0
BRDA:232,7,1,0
BRDA:260,8,0,0
BRDA:260,8,1,0
BRDA:275,9,0,0
BRDA:275,9,1,0
BRDA:281,10,0,0
BRDA:281,10,1,0
BRDA:291,11,0,0
BRDA:291,11,1,0
BRDA:306,12,0,0
BRDA:306,12,1,0
BRDA:477,13,0,0
BRDA:477,13,1,0
BRDA:482,14,0,0
BRDA:482,14,1,0
BRDA:482,15,0,0
BRDA:482,15,1,0
BRDA:487,16,0,0
BRDA:487,16,1,0
BRDA:493,17,0,0
BRDA:493,17,1,0
BRDA:510,18,0,0
BRDA:510,18,1,0
BRDA:513,19,0,0
BRDA:513,19,1,0
BRDA:518,20,0,0
BRDA:518,20,1,0
BRDA:532,21,0,0
BRDA:532,21,1,0
BRDA:566,22,0,0
BRDA:566,22,1,0
BRDA:566,23,0,0
BRDA:566,23,1,0
BRDA:591,24,0,0
BRDA:591,24,1,0
BRDA:593,25,0,0
BRDA:593,25,1,0
BRDA:626,26,0,0
BRDA:626,26,1,0
BRDA:641,27,0,0
BRDA:641,27,1,0
BRDA:641,28,0,0
BRDA:641,28,1,0
BRDA:654,29,0,0
BRDA:654,29,1,0
BRDA:654,30,0,0
BRDA:654,30,1,0
BRDA:693,31,0,0
BRDA:693,31,1,0
BRDA:732,32,0,0
BRDA:732,32,1,0
BRDA:732,33,0,0
BRDA:732,33,1,0
BRDA:732,33,2,0
BRDA:751,34,0,0
BRDA:751,34,1,0
BRDA:767,35,0,0
BRDA:767,35,1,0
BRDA:810,36,0,0
BRDA:810,36,1,0
BRDA:838,37,0,0
BRDA:838,37,1,0
BRDA:838,38,0,0
BRDA:838,38,1,0
BRDA:838,38,2,0
BRDA:838,38,3,0
BRDA:894,39,0,0
BRDA:894,39,1,0
BRDA:924,40,0,0
BRDA:924,40,1,0
BRDA:925,41,0,0
BRDA:925,41,1,0
BRDA:926,42,0,0
BRDA:926,42,1,0
BRDA:954,43,0,0
BRDA:954,43,1,0
BRDA:959,44,0,0
BRDA:959,44,1,0
BRDA:975,45,0,0
BRDA:975,45,1,0
BRDA:997,46,0,0
BRDA:997,46,1,0
BRDA:1010,47,0,0
BRDA:1010,47,1,0
BRDA:1029,48,0,0
BRDA:1029,48,1,0
BRDA:1030,49,0,0
BRDA:1030,49,1,0
BRDA:1030,49,2,0
BRDA:1030,49,3,0
BRDA:1073,50,0,0
BRDA:1073,50,1,0
BRDA:1075,51,0,0
BRDA:1075,51,1,0
BRDA:1080,52,0,0
BRDA:1080,52,1,0
BRDA:1086,53,0,0
BRDA:1086,53,1,0
BRDA:1091,54,0,0
BRDA:1091,54,1,0
BRDA:1097,55,0,0
BRDA:1097,55,1,0
BRF:117
BRH:0
end_of_record
TN:
SF:src\services\webglRenderingEngine.ts
FN:112,(anonymous_0)
FN:132,(anonymous_1)
FN:180,(anonymous_2)
FN:204,(anonymous_3)
FN:293,(anonymous_4)
FN:370,(anonymous_5)
FN:391,(anonymous_6)
FN:418,(anonymous_7)
FN:483,(anonymous_8)
FN:546,(anonymous_9)
FN:558,(anonymous_10)
FN:576,(anonymous_11)
FN:596,(anonymous_12)
FN:603,(anonymous_13)
FN:610,(anonymous_14)
FN:628,(anonymous_15)
FN:630,(anonymous_16)
FN:640,(anonymous_17)
FN:663,(anonymous_18)
FN:675,(anonymous_19)
FN:691,(anonymous_20)
FN:698,(anonymous_21)
FN:712,(anonymous_22)
FN:730,(anonymous_23)
FN:737,(anonymous_24)
FN:743,(anonymous_25)
FN:757,(anonymous_26)
FNF:27
FNH:2
FNDA:3,(anonymous_0)
FNDA:3,(anonymous_1)
FNDA:0,(anonymous_2)
FNDA:0,(anonymous_3)
FNDA:0,(anonymous_4)
FNDA:0,(anonymous_5)
FNDA:0,(anonymous_6)
FNDA:0,(anonymous_7)
FNDA:0,(anonymous_8)
FNDA:0,(anonymous_9)
FNDA:0,(anonymous_10)
FNDA:0,(anonymous_11)
FNDA:0,(anonymous_12)
FNDA:0,(anonymous_13)
FNDA:0,(anonymous_14)
FNDA:0,(anonymous_15)
FNDA:0,(anonymous_16)
FNDA:0,(anonymous_17)
FNDA:0,(anonymous_18)
FNDA:0,(anonymous_19)
FNDA:0,(anonymous_20)
FNDA:0,(anonymous_21)
FNDA:0,(anonymous_22)
FNDA:0,(anonymous_23)
FNDA:0,(anonymous_24)
FNDA:0,(anonymous_25)
FNDA:0,(anonymous_26)
DA:68,3
DA:70,3
DA:71,3
DA:72,3
DA:75,3
DA:76,3
DA:84,3
DA:95,3
DA:105,3
DA:106,3
DA:109,3
DA:110,3
DA:113,3
DA:125,3
DA:126,3
DA:133,3
DA:135,3
DA:143,2
DA:144,2
DA:152,2
DA:153,2
DA:156,0
DA:159,0
DA:162,0
DA:165,0
DA:168,0
DA:171,3
DA:172,3
DA:173,3
DA:181,0
DA:184,0
DA:185,0
DA:186,0
DA:189,0
DA:190,0
DA:191,0
DA:195,0
DA:198,0
DA:206,0
DA:226,0
DA:287,0
DA:294,0
DA:296,0
DA:298,0
DA:299,0
DA:300,0
DA:302,0
DA:303,0
DA:306,0
DA:307,0
DA:308,0
DA:311,0
DA:312,0
DA:313,0
DA:315,0
DA:316,0
DA:317,0
DA:318,0
DA:322,0
DA:323,0
DA:325,0
DA:326,0
DA:327,0
DA:328,0
DA:329,0
DA:333,0
DA:334,0
DA:335,0
DA:336,0
DA:337,0
DA:341,0
DA:347,0
DA:350,0
DA:351,0
DA:353,0
DA:354,0
DA:356,0
DA:358,0
DA:361,0
DA:362,0
DA:363,0
DA:371,0
DA:373,0
DA:374,0
DA:376,0
DA:377,0
DA:379,0
DA:380,0
DA:381,0
DA:382,0
DA:385,0
DA:392,0
DA:395,0
DA:403,0
DA:404,0
DA:405,0
DA:408,0
DA:410,0
DA:411,0
DA:412,0
DA:419,0
DA:421,0
DA:433,0
DA:434,0
DA:435,0
DA:436,0
DA:439,0
DA:442,0
DA:443,0
DA:444,0
DA:445,0
DA:448,0
DA:449,0
DA:451,0
DA:452,0
DA:454,0
DA:458,0
DA:459,0
DA:462,0
DA:465,0
DA:466,0
DA:467,0
DA:469,0
DA:471,0
DA:474,0
DA:475,0
DA:476,0
DA:484,0
DA:486,0
DA:488,0
DA:489,0
DA:490,0
DA:492,0
DA:493,0
DA:497,0
DA:498,0
DA:501,0
DA:504,0
DA:505,0
DA:506,0
DA:509,0
DA:510,0
DA:513,0
DA:515,0
DA:516,0
DA:518,0
DA:519,0
DA:521,0
DA:522,0
DA:525,0
DA:526,0
DA:528,0
DA:531,0
DA:532,0
DA:535,0
DA:536,0
DA:537,0
DA:540,0
DA:547,0
DA:550,0
DA:551,0
DA:552,0
DA:559,0
DA:561,0
DA:562,0
DA:563,0
DA:564,0
DA:565,0
DA:566,0
DA:569,0
DA:570,0
DA:577,0
DA:580,0
DA:581,0
DA:583,0
DA:584,0
DA:586,0
DA:597,0
DA:604,0
DA:611,0
DA:613,0
DA:614,0
DA:616,0
DA:617,0
DA:618,0
DA:619,0
DA:622,0
DA:629,0
DA:630,0
DA:631,0
DA:633,0
DA:641,0
DA:642,0
DA:643,0
DA:644,0
DA:645,0
DA:646,0
DA:649,0
DA:650,0
DA:651,0
DA:652,0
DA:653,0
DA:654,0
DA:657,0
DA:664,0
DA:665,0
DA:666,0
DA:667,0
DA:668,0
DA:676,0
DA:677,0
DA:678,0
DA:680,0
DA:681,0
DA:682,0
DA:685,0
DA:692,0
DA:699,0
DA:713,0
DA:715,0
DA:731,0
DA:732,0
DA:735,0
DA:737,0
DA:738,0
DA:740,0
DA:743,0
DA:744,0
DA:746,0
DA:749,0
DA:750,0
DA:752,0
DA:753,0
DA:757,0
DA:758,0
DA:760,0
DA:763,0
LF:237
LH:24
BRDA:115,0,0,3
BRDA:115,0,1,2
BRDA:116,1,0,3
BRDA:116,1,1,2
BRDA:117,2,0,3
BRDA:117,2,1,2
BRDA:118,3,0,3
BRDA:118,3,1,2
BRDA:119,4,0,3
BRDA:119,4,1,2
BRDA:120,5,0,3
BRDA:120,5,1,2
BRDA:121,6,0,3
BRDA:121,6,1,2
BRDA:122,7,0,3
BRDA:122,7,1,2
BRDA:122,7,2,0
BRDA:143,8,0,2
BRDA:143,8,1,0
BRDA:152,9,0,2
BRDA:152,9,1,0
BRDA:181,10,0,0
BRDA:181,10,1,0
BRDA:184,11,0,0
BRDA:184,11,1,0
BRDA:189,12,0,0
BRDA:189,12,1,0
BRDA:294,13,0,0
BRDA:294,13,1,0
BRDA:302,14,0,0
BRDA:302,14,1,0
BRDA:302,15,0,0
BRDA:302,15,1,0
BRDA:307,16,0,0
BRDA:307,16,1,0
BRDA:315,17,0,0
BRDA:315,17,1,0
BRDA:328,18,0,0
BRDA:328,18,1,0
BRDA:336,19,0,0
BRDA:336,19,1,0
BRDA:371,20,0,0
BRDA:371,20,1,0
BRDA:374,21,0,0
BRDA:374,21,1,0
BRDA:379,22,0,0
BRDA:379,22,1,0
BRDA:392,23,0,0
BRDA:392,23,1,0
BRDA:418,24,0,0
BRDA:419,25,0,0
BRDA:419,25,1,0
BRDA:422,26,0,0
BRDA:422,26,1,0
BRDA:423,27,0,0
BRDA:423,27,1,0
BRDA:424,28,0,0
BRDA:424,28,1,0
BRDA:425,29,0,0
BRDA:425,29,1,0
BRDA:426,30,0,0
BRDA:426,30,1,0
BRDA:427,31,0,0
BRDA:427,31,1,0
BRDA:428,32,0,0
BRDA:428,32,1,0
BRDA:429,33,0,0
BRDA:429,33,1,0
BRDA:430,34,0,0
BRDA:430,34,1,0
BRDA:435,35,0,0
BRDA:435,35,1,0
BRDA:451,36,0,0
BRDA:451,36,1,0
BRDA:451,37,0,0
BRDA:451,37,1,0
BRDA:451,37,2,0
BRDA:458,38,0,0
BRDA:458,38,1,0
BRDA:484,39,0,0
BRDA:484,39,1,0
BRDA:484,40,0,0
BRDA:484,40,1,0
BRDA:484,40,2,0
BRDA:492,41,0,0
BRDA:492,41,1,0
BRDA:492,42,0,0
BRDA:492,42,1,0
BRDA:501,43,0,0
BRDA:501,43,1,0
BRDA:547,44,0,0
BRDA:547,44,1,0
BRDA:559,45,0,0
BRDA:559,45,1,0
BRDA:566,46,0,0
BRDA:566,46,1,0
BRDA:583,47,0,0
BRDA:583,47,1,0
BRDA:584,48,0,0
BRDA:584,48,1,0
BRDA:611,49,0,0
BRDA:611,49,1,0
BRDA:616,50,0,0
BRDA:616,50,1,0
BRDA:616,51,0,0
BRDA:616,51,1,0
BRDA:629,52,0,0
BRDA:629,52,1,0
BRDA:642,53,0,0
BRDA:642,53,1,0
BRDA:642,53,2,0
BRDA:642,53,3,0
BRDA:650,54,0,0
BRDA:650,54,1,0
BRDA:650,54,2,0
BRDA:650,54,3,0
BRDA:664,55,0,0
BRDA:664,55,1,0
BRDA:664,55,2,0
BRDA:664,55,3,0
BRDA:680,56,0,0
BRDA:680,56,1,0
BRDA:713,57,0,0
BRDA:713,57,1,0
BRDA:731,58,0,0
BRDA:731,58,1,0
BRDA:735,59,0,0
BRDA:735,59,1,0
BRDA:749,60,0,0
BRDA:749,60,1,0
BRDA:752,61,0,0
BRDA:752,61,1,0
BRF:132
BRH:18
end_of_record
TN:
SF:src\theme\modernTheme.ts
FNF:0
FNH:0
DA:5,0
DA:81,0
DA:269,0
DA:366,0
DA:367,0
LF:5
LH:0
BRF:0
BRH:0
end_of_record
TN:
SF:src\types\index.ts
FNF:0
FNH:0
LF:0
LH:0
BRF:0
BRH:0
end_of_record
TN:
SF:src\utils\advancedLoadTestingUtils.ts
FN:93,(anonymous_0)
FN:104,(anonymous_1)
FN:157,(anonymous_2)
FN:198,(anonymous_3)
FN:242,(anonymous_4)
FN:258,(anonymous_5)
FN:270,(anonymous_6)
FN:293,(anonymous_7)
FN:297,(anonymous_8)
FN:298,(anonymous_9)
FN:309,(anonymous_10)
FN:316,(anonymous_11)
FN:320,(anonymous_12)
FN:327,(anonymous_13)
FN:328,(anonymous_14)
FN:335,(anonymous_15)
FN:344,(anonymous_16)
FN:365,(anonymous_17)
FN:373,(anonymous_18)
FN:398,(anonymous_19)
FN:399,(anonymous_20)
FN:414,(anonymous_21)
FN:415,(anonymous_22)
FN:421,(anonymous_23)
FN:429,(anonymous_24)
FN:431,(anonymous_25)
FN:435,(anonymous_26)
FN:447,(anonymous_27)
FN:468,(anonymous_28)
FN:480,(anonymous_29)
FN:485,(anonymous_30)
FN:489,(anonymous_31)
FN:509,(anonymous_32)
FN:512,(anonymous_33)
FN:524,(anonymous_34)
FN:526,(anonymous_35)
FN:534,(anonymous_36)
FN:545,(anonymous_37)
FN:564,(anonymous_38)
FN:574,(anonymous_39)
FN:576,(anonymous_40)
FN:583,(anonymous_41)
FN:592,(anonymous_42)
FN:639,(anonymous_43)
FN:649,(anonymous_44)
FN:659,(anonymous_45)
FN:660,(anonymous_46)
FNF:47
FNH:32
FNDA:2,(anonymous_0)
FNDA:7,(anonymous_1)
FNDA:1,(anonymous_2)
FNDA:1,(anonymous_3)
FNDA:2,(anonymous_4)
FNDA:7,(anonymous_5)
FNDA:1312,(anonymous_6)
FNDA:1,(anonymous_7)
FNDA:1,(anonymous_8)
FNDA:521,(anonymous_9)
FNDA:1317,(anonymous_10)
FNDA:7,(anonymous_11)
FNDA:1,(anonymous_12)
FNDA:10,(anonymous_13)
FNDA:10,(anonymous_14)
FNDA:1,(anonymous_15)
FNDA:520,(anonymous_16)
FNDA:5,(anonymous_17)
FNDA:0,(anonymous_18)
FNDA:0,(anonymous_19)
FNDA:0,(anonymous_20)
FNDA:0,(anonymous_21)
FNDA:0,(anonymous_22)
FNDA:0,(anonymous_23)
FNDA:1,(anonymous_24)
FNDA:0,(anonymous_25)
FNDA:0,(anonymous_26)
FNDA:1,(anonymous_27)
FNDA:5,(anonymous_28)
FNDA:0,(anonymous_29)
FNDA:1,(anonymous_30)
FNDA:1,(anonymous_31)
FNDA:2,(anonymous_32)
FNDA:200,(anonymous_33)
FNDA:1,(anonymous_34)
FNDA:0,(anonymous_35)
FNDA:0,(anonymous_36)
FNDA:1,(anonymous_37)
FNDA:5,(anonymous_38)
FNDA:0,(anonymous_39)
FNDA:0,(anonymous_40)
FNDA:0,(anonymous_41)
FNDA:0,(anonymous_42)
FNDA:2,(anonymous_43)
FNDA:12584,(anonymous_44)
FNDA:5433,(anonymous_45)
FNDA:543300,(anonymous_46)
DA:94,2
DA:95,2
DA:96,2
DA:97,2
DA:98,2
DA:105,7
DA:108,7
DA:110,7
DA:111,5
DA:114,7
DA:115,5
DA:119,2
DA:121,2
DA:123,2
DA:126,1
DA:127,1
DA:128,1
DA:129,1
DA:132,1
DA:141,1
DA:143,1
DA:147,1
DA:148,1
DA:149,1
DA:150,1
DA:158,1
DA:161,1
DA:162,1
DA:163,1
DA:164,1
DA:165,1
DA:166,1
DA:169,1
DA:170,1
DA:171,1
DA:172,1
DA:173,1
DA:174,1
DA:177,1
DA:178,1
DA:179,1
DA:180,1
DA:181,1
DA:182,1
DA:185,1
DA:186,1
DA:187,1
DA:188,1
DA:189,1
DA:192,1
DA:199,1
DA:201,1
DA:204,1
DA:205,0
DA:208,1
DA:209,0
DA:213,1
DA:214,0
DA:217,1
DA:218,0
DA:222,1
DA:223,1
DA:226,1
DA:227,0
DA:231,1
DA:232,1
DA:235,1
DA:236,0
DA:239,1
DA:240,0
DA:242,2
DA:251,2
DA:252,2
DA:253,2
DA:254,2
DA:256,2
DA:259,7
DA:260,7
DA:261,7
DA:262,7
DA:263,7
DA:265,7
DA:266,7
DA:270,7
DA:271,1312
DA:272,2
DA:273,2
DA:276,1310
DA:277,1310
DA:279,1310
DA:280,0
DA:284,1310
DA:285,0
DA:286,0
DA:287,0
DA:294,1
DA:298,521
DA:300,1
DA:310,1317
DA:311,1317
DA:313,0
DA:322,1
DA:324,1
DA:325,1
DA:327,10
DA:328,10
DA:330,1
DA:332,1
DA:337,1
DA:339,1
DA:340,1
DA:341,520
DA:344,520
DA:345,1
DA:347,1
DA:357,2
DA:366,5
DA:367,5
DA:370,5
DA:374,0
DA:376,0
DA:379,0
DA:380,0
DA:381,0
DA:385,0
DA:386,0
DA:387,0
DA:388,0
DA:389,0
DA:393,0
DA:394,0
DA:396,0
DA:398,0
DA:399,0
DA:400,0
DA:401,0
DA:402,0
DA:405,0
DA:406,0
DA:407,0
DA:408,0
DA:411,0
DA:414,0
DA:415,0
DA:423,0
DA:424,0
DA:426,0
DA:430,1
DA:431,0
DA:434,1
DA:435,0
DA:438,1
DA:448,1
DA:449,1
DA:459,2
DA:460,2
DA:469,5
DA:470,5
DA:471,5
DA:473,5
DA:475,5
DA:476,5
DA:480,0
DA:481,0
DA:486,1
DA:490,1
DA:492,0
DA:501,2
DA:511,2
DA:512,200
DA:521,2
DA:525,1
DA:526,0
DA:529,1
DA:533,1
DA:534,0
DA:537,1
DA:547,1
DA:565,5
DA:575,0
DA:576,0
DA:585,0
DA:594,0
DA:640,2
DA:650,12584
DA:651,12584
DA:652,12584
DA:660,5433
DA:661,543300
DA:663,5433
LF:190
LH:139
BRDA:110,0,0,5
BRDA:110,0,1,2
BRDA:114,1,0,5
BRDA:114,1,1,2
BRDA:204,2,0,0
BRDA:204,2,1,1
BRDA:208,3,0,0
BRDA:208,3,1,1
BRDA:213,4,0,0
BRDA:213,4,1,1
BRDA:217,5,0,0
BRDA:217,5,1,1
BRDA:222,6,0,1
BRDA:222,6,1,0
BRDA:226,7,0,0
BRDA:226,7,1,1
BRDA:231,8,0,1
BRDA:231,8,1,0
BRDA:235,9,0,0
BRDA:235,9,1,1
BRDA:239,10,0,0
BRDA:239,10,1,1
BRDA:265,11,0,7
BRDA:265,11,1,0
BRDA:271,12,0,2
BRDA:271,12,1,1310
BRDA:279,13,0,0
BRDA:279,13,1,1310
BRDA:284,14,0,0
BRDA:284,14,1,1310
BRDA:284,15,0,1310
BRDA:284,15,1,892
BRDA:285,16,0,0
BRDA:285,16,1,0
BRDA:310,17,0,1317
BRDA:310,17,1,0
BRDA:322,18,0,0
BRDA:322,18,1,1
BRDA:332,19,0,0
BRDA:332,19,1,1
BRDA:337,20,0,0
BRDA:337,20,1,1
BRDA:347,21,0,0
BRDA:347,21,1,1
BRDA:379,22,0,0
BRDA:379,22,1,0
BRDA:386,23,0,0
BRDA:386,23,1,0
BRDA:405,24,0,0
BRDA:405,24,1,0
BRDA:423,25,0,0
BRDA:423,25,1,0
BRDA:423,26,0,0
BRDA:423,26,1,0
BRDA:430,27,0,0
BRDA:430,27,1,1
BRDA:434,28,0,0
BRDA:434,28,1,1
BRDA:448,29,0,1
BRDA:448,29,1,0
BRDA:475,30,0,5
BRDA:475,30,1,0
BRDA:490,31,0,0
BRDA:490,31,1,1
BRDA:525,32,0,0
BRDA:525,32,1,1
BRDA:529,33,0,0
BRDA:529,33,1,1
BRDA:533,34,0,0
BRDA:533,34,1,1
BRF:70
BRH:33
end_of_record
TN:
SF:src\utils\loadTestingUtils.ts
FN:67,(anonymous_0)
FN:102,(anonymous_1)
FN:113,(anonymous_2)
FN:120,(anonymous_3)
FN:126,(anonymous_4)
FN:134,(anonymous_5)
FN:137,(anonymous_6)
FN:141,(anonymous_7)
FN:169,(anonymous_8)
FN:174,(anonymous_9)
FN:176,(anonymous_10)
FN:176,(anonymous_11)
FN:179,(anonymous_12)
FN:183,(anonymous_13)
FN:184,(anonymous_14)
FN:185,(anonymous_15)
FN:196,(anonymous_16)
FN:203,(anonymous_17)
FN:219,(anonymous_18)
FN:220,(anonymous_19)
FN:264,(anonymous_20)
FN:271,(anonymous_21)
FN:288,(anonymous_22)
FN:294,(anonymous_23)
FN:306,(anonymous_24)
FN:316,(anonymous_25)
FN:328,(anonymous_26)
FN:334,(anonymous_27)
FN:342,(anonymous_28)
FN:349,(anonymous_29)
FN:364,(anonymous_30)
FN:374,(anonymous_31)
FN:384,(anonymous_32)
FN:394,(anonymous_33)
FN:405,(anonymous_34)
FN:410,(anonymous_35)
FN:426,(anonymous_36)
FN:436,(anonymous_37)
FN:450,(anonymous_38)
FN:462,(anonymous_39)
FN:475,(anonymous_40)
FN:497,(anonymous_41)
FN:507,(anonymous_42)
FN:509,(anonymous_43)
FN:517,(anonymous_44)
FN:526,(anonymous_45)
FN:536,(anonymous_46)
FN:565,(anonymous_47)
FN:571,(anonymous_48)
FN:574,(anonymous_49)
FN:583,(anonymous_50)
FN:594,(anonymous_51)
FN:609,(anonymous_52)
FN:610,(anonymous_53)
FN:616,(anonymous_54)
FN:625,(anonymous_55)
FN:633,(anonymous_56)
FNF:57
FNH:34
FNDA:3,(anonymous_0)
FNDA:8,(anonymous_1)
FNDA:12,(anonymous_2)
FNDA:12,(anonymous_3)
FNDA:50,(anonymous_4)
FNDA:3,(anonymous_5)
FNDA:7,(anonymous_6)
FNDA:7,(anonymous_7)
FNDA:12,(anonymous_8)
FNDA:12,(anonymous_9)
FNDA:18254,(anonymous_10)
FNDA:18249,(anonymous_11)
FNDA:7,(anonymous_12)
FNDA:7,(anonymous_13)
FNDA:7,(anonymous_14)
FNDA:7,(anonymous_15)
FNDA:0,(anonymous_16)
FNDA:12,(anonymous_17)
FNDA:18101,(anonymous_18)
FNDA:16931,(anonymous_19)
FNDA:18249,(anonymous_20)
FNDA:18457,(anonymous_21)
FNDA:2,(anonymous_22)
FNDA:6,(anonymous_23)
FNDA:55,(anonymous_24)
FNDA:2,(anonymous_25)
FNDA:5,(anonymous_26)
FNDA:6,(anonymous_27)
FNDA:0,(anonymous_28)
FNDA:0,(anonymous_29)
FNDA:1,(anonymous_30)
FNDA:105,(anonymous_31)
FNDA:43,(anonymous_32)
FNDA:60,(anonymous_33)
FNDA:24,(anonymous_34)
FNDA:6291456,(anonymous_35)
FNDA:0,(anonymous_36)
FNDA:0,(anonymous_37)
FNDA:0,(anonymous_38)
FNDA:0,(anonymous_39)
FNDA:0,(anonymous_40)
FNDA:0,(anonymous_41)
FNDA:0,(anonymous_42)
FNDA:0,(anonymous_43)
FNDA:0,(anonymous_44)
FNDA:0,(anonymous_45)
FNDA:0,(anonymous_46)
FNDA:60,(anonymous_47)
FNDA:0,(anonymous_48)
FNDA:0,(anonymous_49)
FNDA:0,(anonymous_50)
FNDA:0,(anonymous_51)
FNDA:0,(anonymous_52)
FNDA:0,(anonymous_53)
FNDA:0,(anonymous_54)
FNDA:0,(anonymous_55)
FNDA:0,(anonymous_56)
DA:61,3
DA:62,3
DA:68,3
DA:69,0
DA:72,3
DA:73,3
DA:75,3
DA:76,3
DA:78,3
DA:102,3
DA:103,8
DA:111,3
DA:113,3
DA:114,12
DA:118,3
DA:119,3
DA:120,12
DA:121,12
DA:126,3
DA:127,50
DA:128,50
DA:129,0
DA:134,3
DA:137,7
DA:138,2
DA:141,7
DA:143,2
DA:144,2
DA:145,2
DA:146,2
DA:147,2
DA:150,2
DA:152,2
DA:153,2
DA:155,2
DA:156,2
DA:159,0
DA:160,0
DA:162,2
DA:170,12
DA:171,12
DA:173,12
DA:175,12
DA:176,18254
DA:180,7
DA:184,7
DA:185,7
DA:186,7
DA:187,7
DA:189,0
DA:192,7
DA:196,0
DA:210,12
DA:211,18249
DA:213,18249
DA:214,18249
DA:217,18249
DA:220,18101
DA:224,18041
DA:225,18041
DA:228,18041
DA:229,18041
DA:230,18041
DA:233,18041
DA:234,18041
DA:235,18041
DA:236,18041
DA:239,18041
DA:240,26
DA:242,18041
DA:243,26
DA:247,208
DA:248,208
DA:249,208
DA:251,208
DA:252,208
DA:259,208
DA:260,208
DA:264,18249
DA:272,18457
DA:273,18457
DA:275,18457
DA:276,24359
DA:277,24359
DA:278,18457
DA:282,0
DA:289,2
DA:290,2
DA:291,2
DA:293,2
DA:294,6
DA:295,2
DA:298,2
DA:299,0
DA:307,55
DA:308,55
DA:310,0
DA:317,2
DA:318,2
DA:319,2
DA:320,2
DA:321,2
DA:322,2
DA:323,2
DA:324,2
DA:326,2
DA:327,1
DA:328,1
DA:329,5
DA:333,2
DA:334,2
DA:335,6
DA:343,0
DA:350,0
DA:351,0
DA:353,0
DA:365,1
DA:375,105
DA:376,0
DA:377,0
DA:385,43
DA:386,0
DA:387,0
DA:395,60
DA:396,60
DA:397,0
DA:398,0
DA:406,24
DA:407,24
DA:408,6291456
DA:410,6291456
DA:427,0
DA:438,0
DA:452,0
DA:464,0
DA:477,0
DA:498,0
DA:508,0
DA:509,0
DA:510,0
DA:518,0
DA:519,0
DA:520,0
DA:524,0
DA:525,0
DA:526,0
DA:529,0
DA:537,0
DA:540,0
DA:541,0
DA:546,0
DA:547,0
DA:549,0
DA:566,60
DA:571,0
DA:574,0
DA:583,0
DA:595,0
DA:596,0
DA:598,0
DA:610,0
DA:617,0
DA:618,0
DA:626,0
DA:627,0
DA:634,0
LF:166
LH:113
BRDA:68,0,0,0
BRDA:68,0,1,3
BRDA:128,1,0,0
BRDA:128,1,1,50
BRDA:186,2,0,7
BRDA:186,2,1,0
BRDA:239,3,0,26
BRDA:239,3,1,18015
BRDA:242,4,0,26
BRDA:242,4,1,18015
BRDA:251,5,0,208
BRDA:251,5,1,0
BRDA:277,6,0,18457
BRDA:277,6,1,5902
BRDA:289,7,0,2
BRDA:289,7,1,0
BRDA:298,8,0,0
BRDA:298,8,1,2
BRDA:307,9,0,55
BRDA:307,9,1,0
BRDA:326,10,0,1
BRDA:326,10,1,1
BRDA:350,11,0,0
BRDA:350,11,1,0
BRDA:595,12,0,0
BRDA:595,12,1,0
BRDA:617,13,0,0
BRDA:617,13,1,0
BRF:28
BRH:15
end_of_record
TN:
SF:src\utils\serviceWorkerRegistration.ts
FN:16,registerServiceWorker
FN:23,(anonymous_1)
FN:28,(anonymous_2)
FN:40,registerValidSW
FN:43,(anonymous_4)
FN:46,(anonymous_5)
FN:52,(anonymous_6)
FN:73,(anonymous_7)
FN:78,checkValidServiceWorker
FN:82,(anonymous_9)
FN:88,(anonymous_10)
FN:89,(anonymous_11)
FN:97,(anonymous_12)
FN:104,unregister
FN:107,(anonymous_14)
FN:110,(anonymous_15)
FNF:16
FNH:0
FNDA:0,registerServiceWorker
FNDA:0,(anonymous_1)
FNDA:0,(anonymous_2)
FNDA:0,registerValidSW
FNDA:0,(anonymous_4)
FNDA:0,(anonymous_5)
FNDA:0,(anonymous_6)
FNDA:0,(anonymous_7)
FNDA:0,checkValidServiceWorker
FNDA:0,(anonymous_9)
FNDA:0,(anonymous_10)
FNDA:0,(anonymous_11)
FNDA:0,(anonymous_12)
FNDA:0,unregister
FNDA:0,(anonymous_14)
FNDA:0,(anonymous_15)
DA:3,0
DA:17,0
DA:18,0
DA:19,0
DA:20,0
DA:23,0
DA:24,0
DA:26,0
DA:27,0
DA:28,0
DA:29,0
DA:34,0
DA:41,0
DA:44,0
DA:46,0
DA:47,0
DA:48,0
DA:49,0
DA:52,0
DA:53,0
DA:54,0
DA:55,0
DA:59,0
DA:60,0
DA:63,0
DA:65,0
DA:66,0
DA:74,0
DA:79,0
DA:83,0
DA:84,0
DA:88,0
DA:89,0
DA:90,0
DA:94,0
DA:98,0
DA:105,0
DA:106,0
DA:108,0
DA:111,0
LF:40
LH:0
BRDA:4,0,0,0
BRDA:4,0,1,0
BRDA:4,0,2,0
BRDA:17,1,0,0
BRDA:17,1,1,0
BRDA:19,2,0,0
BRDA:19,2,1,0
BRDA:26,3,0,0
BRDA:26,3,1,0
BRDA:48,4,0,0
BRDA:48,4,1,0
BRDA:53,5,0,0
BRDA:53,5,1,0
BRDA:54,6,0,0
BRDA:54,6,1,0
BRDA:59,7,0,0
BRDA:59,7,1,0
BRDA:59,8,0,0
BRDA:59,8,1,0
BRDA:65,9,0,0
BRDA:65,9,1,0
BRDA:65,10,0,0
BRDA:65,10,1,0
BRDA:84,11,0,0
BRDA:84,11,1,0
BRDA:85,12,0,0
BRDA:85,12,1,0
BRDA:85,12,2,0
BRDA:105,13,0,0
BRDA:105,13,1,0
BRF:30
BRH:0
end_of_record
